CRITICAL - 2020-05-13 00:28:25 --> Invalid argument supplied for foreach()
#0 D:\xampp\htdocs\Admin\app\Views\Admin\Kategori\V_Kategori.php(24): CodeIgniter\Debug\Exceptions->errorHandler(2, 'Invalid argumen...', 'D:\\xampp\\htdocs...', 24, Array)
#1 D:\xampp\htdocs\Admin\system\View\View.php(246): include('D:\\xampp\\htdocs...')
#2 D:\xampp\htdocs\Admin\system\Common.php(1087): CodeIgniter\View\View->render('Admin/Kategori/...', Array, true)
#3 D:\xampp\htdocs\Admin\app\Views\Admin\Layout\Content.php(3): view('Admin/Kategori/...')
#4 D:\xampp\htdocs\Admin\system\View\View.php(246): include('D:\\xampp\\htdocs...')
#5 D:\xampp\htdocs\Admin\system\Common.php(1087): CodeIgniter\View\View->render('Admin/Layout/Co...', Array, true)
#6 D:\xampp\htdocs\Admin\app\Views\Admin\Layout\Wrapper.php(5): view('Admin/Layout/Co...')
#7 D:\xampp\htdocs\Admin\system\View\View.php(246): include('D:\\xampp\\htdocs...')
#8 D:\xampp\htdocs\Admin\system\Common.php(1087): CodeIgniter\View\View->render('Admin/Layout/Wr...', Array, true)
#9 D:\xampp\htdocs\Admin\app\Controllers\Kategori.php(20): view('Admin/Layout/Wr...', Array)
#10 D:\xampp\htdocs\Admin\system\CodeIgniter.php(914): App\Controllers\Kategori->index()
#11 D:\xampp\htdocs\Admin\system\CodeIgniter.php(400): CodeIgniter\CodeIgniter->runController(Object(App\Controllers\Kategori))
#12 D:\xampp\htdocs\Admin\system\CodeIgniter.php(308): CodeIgniter\CodeIgniter->handleRequest(NULL, Object(Config\Cache), false)
#13 D:\xampp\htdocs\Admin\public\index.php(45): CodeIgniter\CodeIgniter->run()
#14 {main}
CRITICAL - 2020-05-13 00:29:20 --> Invalid argument supplied for foreach()
#0 D:\xampp\htdocs\Admin\app\Views\Admin\Kategori\V_Kategori.php(24): CodeIgniter\Debug\Exceptions->errorHandler(2, 'Invalid argumen...', 'D:\\xampp\\htdocs...', 24, Array)
#1 D:\xampp\htdocs\Admin\system\View\View.php(246): include('D:\\xampp\\htdocs...')
#2 D:\xampp\htdocs\Admin\system\Common.php(1087): CodeIgniter\View\View->render('Admin/Kategori/...', Array, true)
#3 D:\xampp\htdocs\Admin\app\Views\Admin\Layout\Content.php(3): view('Admin/Kategori/...')
#4 D:\xampp\htdocs\Admin\system\View\View.php(246): include('D:\\xampp\\htdocs...')
#5 D:\xampp\htdocs\Admin\system\Common.php(1087): CodeIgniter\View\View->render('Admin/Layout/Co...', Array, true)
#6 D:\xampp\htdocs\Admin\app\Views\Admin\Layout\Wrapper.php(5): view('Admin/Layout/Co...')
#7 D:\xampp\htdocs\Admin\system\View\View.php(246): include('D:\\xampp\\htdocs...')
#8 D:\xampp\htdocs\Admin\system\Common.php(1087): CodeIgniter\View\View->render('Admin/Layout/Wr...', Array, true)
#9 D:\xampp\htdocs\Admin\app\Controllers\Kategori.php(20): view('Admin/Layout/Wr...', Array)
#10 D:\xampp\htdocs\Admin\system\CodeIgniter.php(914): App\Controllers\Kategori->index()
#11 D:\xampp\htdocs\Admin\system\CodeIgniter.php(400): CodeIgniter\CodeIgniter->runController(Object(App\Controllers\Kategori))
#12 D:\xampp\htdocs\Admin\system\CodeIgniter.php(308): CodeIgniter\CodeIgniter->handleRequest(NULL, Object(Config\Cache), false)
#13 D:\xampp\htdocs\Admin\public\index.php(45): CodeIgniter\CodeIgniter->run()
#14 {main}
CRITICAL - 2020-05-13 00:30:47 --> Invalid argument supplied for foreach()
#0 D:\xampp\htdocs\Admin\app\Views\Admin\Kategori\V_Kategori.php(24): CodeIgniter\Debug\Exceptions->errorHandler(2, 'Invalid argumen...', 'D:\\xampp\\htdocs...', 24, Array)
#1 D:\xampp\htdocs\Admin\system\View\View.php(246): include('D:\\xampp\\htdocs...')
#2 D:\xampp\htdocs\Admin\system\Common.php(1087): CodeIgniter\View\View->render('Admin/Kategori/...', Array, true)
#3 D:\xampp\htdocs\Admin\app\Views\Admin\Layout\Content.php(3): view('Admin/Kategori/...')
#4 D:\xampp\htdocs\Admin\system\View\View.php(246): include('D:\\xampp\\htdocs...')
#5 D:\xampp\htdocs\Admin\system\Common.php(1087): CodeIgniter\View\View->render('Admin/Layout/Co...', Array, true)
#6 D:\xampp\htdocs\Admin\app\Views\Admin\Layout\Wrapper.php(5): view('Admin/Layout/Co...')
#7 D:\xampp\htdocs\Admin\system\View\View.php(246): include('D:\\xampp\\htdocs...')
#8 D:\xampp\htdocs\Admin\system\Common.php(1087): CodeIgniter\View\View->render('Admin/Layout/Wr...', Array, true)
#9 D:\xampp\htdocs\Admin\app\Controllers\Kategori.php(20): view('Admin/Layout/Wr...', Array)
#10 D:\xampp\htdocs\Admin\system\CodeIgniter.php(914): App\Controllers\Kategori->index()
#11 D:\xampp\htdocs\Admin\system\CodeIgniter.php(400): CodeIgniter\CodeIgniter->runController(Object(App\Controllers\Kategori))
#12 D:\xampp\htdocs\Admin\system\CodeIgniter.php(308): CodeIgniter\CodeIgniter->handleRequest(NULL, Object(Config\Cache), false)
#13 D:\xampp\htdocs\Admin\public\index.php(45): CodeIgniter\CodeIgniter->run()
#14 {main}
CRITICAL - 2020-05-13 00:39:59 --> Call to a member function query() on null
#0 D:\xampp\htdocs\Admin\app\Controllers\Kategori.php(39): App\Models\M_kategori->getLastId()
#1 D:\xampp\htdocs\Admin\system\CodeIgniter.php(914): App\Controllers\Kategori->addKategori()
#2 D:\xampp\htdocs\Admin\system\CodeIgniter.php(400): CodeIgniter\CodeIgniter->runController(Object(App\Controllers\Kategori))
#3 D:\xampp\htdocs\Admin\system\CodeIgniter.php(308): CodeIgniter\CodeIgniter->handleRequest(NULL, Object(Config\Cache), false)
#4 D:\xampp\htdocs\Admin\public\index.php(45): CodeIgniter\CodeIgniter->run()
#5 {main}
CRITICAL - 2020-05-13 00:41:38 --> Call to a member function query() on null
#0 D:\xampp\htdocs\Admin\app\Controllers\Kategori.php(39): App\Models\M_kategori->getLastId()
#1 D:\xampp\htdocs\Admin\system\CodeIgniter.php(914): App\Controllers\Kategori->addKategori()
#2 D:\xampp\htdocs\Admin\system\CodeIgniter.php(400): CodeIgniter\CodeIgniter->runController(Object(App\Controllers\Kategori))
#3 D:\xampp\htdocs\Admin\system\CodeIgniter.php(308): CodeIgniter\CodeIgniter->handleRequest(NULL, Object(Config\Cache), false)
#4 D:\xampp\htdocs\Admin\public\index.php(45): CodeIgniter\CodeIgniter->run()
#5 {main}
CRITICAL - 2020-05-13 00:42:12 --> Call to a member function query() on null
#0 D:\xampp\htdocs\Admin\app\Controllers\Kategori.php(39): App\Models\M_kategori->getLastId()
#1 D:\xampp\htdocs\Admin\system\CodeIgniter.php(914): App\Controllers\Kategori->addKategori()
#2 D:\xampp\htdocs\Admin\system\CodeIgniter.php(400): CodeIgniter\CodeIgniter->runController(Object(App\Controllers\Kategori))
#3 D:\xampp\htdocs\Admin\system\CodeIgniter.php(308): CodeIgniter\CodeIgniter->handleRequest(NULL, Object(Config\Cache), false)
#4 D:\xampp\htdocs\Admin\public\index.php(45): CodeIgniter\CodeIgniter->run()
#5 {main}
CRITICAL - 2020-05-13 00:42:59 --> Call to a member function query() on null
#0 D:\xampp\htdocs\Admin\app\Controllers\Kategori.php(39): App\Models\M_kategori->getLastId()
#1 D:\xampp\htdocs\Admin\system\CodeIgniter.php(914): App\Controllers\Kategori->addKategori()
#2 D:\xampp\htdocs\Admin\system\CodeIgniter.php(400): CodeIgniter\CodeIgniter->runController(Object(App\Controllers\Kategori))
#3 D:\xampp\htdocs\Admin\system\CodeIgniter.php(308): CodeIgniter\CodeIgniter->handleRequest(NULL, Object(Config\Cache), false)
#4 D:\xampp\htdocs\Admin\public\index.php(45): CodeIgniter\CodeIgniter->run()
#5 {main}
CRITICAL - 2020-05-13 00:44:26 --> Call to a member function query() on null
#0 D:\xampp\htdocs\Admin\app\Controllers\Kategori.php(39): App\Models\M_kategori->getLastId()
#1 D:\xampp\htdocs\Admin\system\CodeIgniter.php(914): App\Controllers\Kategori->addKategori()
#2 D:\xampp\htdocs\Admin\system\CodeIgniter.php(400): CodeIgniter\CodeIgniter->runController(Object(App\Controllers\Kategori))
#3 D:\xampp\htdocs\Admin\system\CodeIgniter.php(308): CodeIgniter\CodeIgniter->handleRequest(NULL, Object(Config\Cache), false)
#4 D:\xampp\htdocs\Admin\public\index.php(45): CodeIgniter\CodeIgniter->run()
#5 {main}
CRITICAL - 2020-05-13 00:44:47 --> Call to undefined method CodeIgniter\Database\MySQLi\Builder::query()
#0 D:\xampp\htdocs\Admin\app\Controllers\Kategori.php(39): App\Models\M_kategori->getLastId()
#1 D:\xampp\htdocs\Admin\system\CodeIgniter.php(914): App\Controllers\Kategori->addKategori()
#2 D:\xampp\htdocs\Admin\system\CodeIgniter.php(400): CodeIgniter\CodeIgniter->runController(Object(App\Controllers\Kategori))
#3 D:\xampp\htdocs\Admin\system\CodeIgniter.php(308): CodeIgniter\CodeIgniter->handleRequest(NULL, Object(Config\Cache), false)
#4 D:\xampp\htdocs\Admin\public\index.php(45): CodeIgniter\CodeIgniter->run()
#5 {main}
CRITICAL - 2020-05-13 00:45:33 --> Undefined variable: kategori
#0 D:\xampp\htdocs\Admin\app\Models\M_Kategori.php(24): CodeIgniter\Debug\Exceptions->errorHandler(8, 'Undefined varia...', 'D:\\xampp\\htdocs...', 24, Array)
#1 D:\xampp\htdocs\Admin\app\Controllers\Kategori.php(39): App\Models\M_kategori->getLastId()
#2 D:\xampp\htdocs\Admin\system\CodeIgniter.php(914): App\Controllers\Kategori->addKategori()
#3 D:\xampp\htdocs\Admin\system\CodeIgniter.php(400): CodeIgniter\CodeIgniter->runController(Object(App\Controllers\Kategori))
#4 D:\xampp\htdocs\Admin\system\CodeIgniter.php(308): CodeIgniter\CodeIgniter->handleRequest(NULL, Object(Config\Cache), false)
#5 D:\xampp\htdocs\Admin\public\index.php(45): CodeIgniter\CodeIgniter->run()
#6 {main}
CRITICAL - 2020-05-13 00:51:07 --> Undefined variable: kategori
#0 D:\xampp\htdocs\Admin\app\Models\M_Kategori.php(24): CodeIgniter\Debug\Exceptions->errorHandler(8, 'Undefined varia...', 'D:\\xampp\\htdocs...', 24, Array)
#1 D:\xampp\htdocs\Admin\app\Controllers\Kategori.php(39): App\Models\M_kategori->getLastId()
#2 D:\xampp\htdocs\Admin\system\CodeIgniter.php(914): App\Controllers\Kategori->addKategori()
#3 D:\xampp\htdocs\Admin\system\CodeIgniter.php(400): CodeIgniter\CodeIgniter->runController(Object(App\Controllers\Kategori))
#4 D:\xampp\htdocs\Admin\system\CodeIgniter.php(308): CodeIgniter\CodeIgniter->handleRequest(NULL, Object(Config\Cache), false)
#5 D:\xampp\htdocs\Admin\public\index.php(45): CodeIgniter\CodeIgniter->run()
#6 {main}
CRITICAL - 2020-05-13 00:51:43 --> Call to undefined method CodeIgniter\Database\MySQLi\Builder::getRow()
#0 D:\xampp\htdocs\Admin\app\Controllers\Kategori.php(39): App\Models\M_kategori->getLastId()
#1 D:\xampp\htdocs\Admin\system\CodeIgniter.php(914): App\Controllers\Kategori->addKategori()
#2 D:\xampp\htdocs\Admin\system\CodeIgniter.php(400): CodeIgniter\CodeIgniter->runController(Object(App\Controllers\Kategori))
#3 D:\xampp\htdocs\Admin\system\CodeIgniter.php(308): CodeIgniter\CodeIgniter->handleRequest(NULL, Object(Config\Cache), false)
#4 D:\xampp\htdocs\Admin\public\index.php(45): CodeIgniter\CodeIgniter->run()
#5 {main}
CRITICAL - 2020-05-13 00:51:51 --> Call to a member function select() on null
#0 D:\xampp\htdocs\Admin\app\Controllers\Kategori.php(39): App\Models\M_kategori->getLastId()
#1 D:\xampp\htdocs\Admin\system\CodeIgniter.php(914): App\Controllers\Kategori->addKategori()
#2 D:\xampp\htdocs\Admin\system\CodeIgniter.php(400): CodeIgniter\CodeIgniter->runController(Object(App\Controllers\Kategori))
#3 D:\xampp\htdocs\Admin\system\CodeIgniter.php(308): CodeIgniter\CodeIgniter->handleRequest(NULL, Object(Config\Cache), false)
#4 D:\xampp\htdocs\Admin\public\index.php(45): CodeIgniter\CodeIgniter->run()
#5 {main}
CRITICAL - 2020-05-13 00:52:36 --> Call to a member function select() on null
#0 D:\xampp\htdocs\Admin\app\Controllers\Kategori.php(39): App\Models\M_kategori->getLastId()
#1 D:\xampp\htdocs\Admin\system\CodeIgniter.php(914): App\Controllers\Kategori->addKategori()
#2 D:\xampp\htdocs\Admin\system\CodeIgniter.php(400): CodeIgniter\CodeIgniter->runController(Object(App\Controllers\Kategori))
#3 D:\xampp\htdocs\Admin\system\CodeIgniter.php(308): CodeIgniter\CodeIgniter->handleRequest(NULL, Object(Config\Cache), false)
#4 D:\xampp\htdocs\Admin\public\index.php(45): CodeIgniter\CodeIgniter->run()
#5 {main}
CRITICAL - 2020-05-13 00:53:45 --> Call to a member function selectMax() on null
#0 D:\xampp\htdocs\Admin\app\Controllers\Kategori.php(39): App\Models\M_kategori->getLastId()
#1 D:\xampp\htdocs\Admin\system\CodeIgniter.php(914): App\Controllers\Kategori->addKategori()
#2 D:\xampp\htdocs\Admin\system\CodeIgniter.php(400): CodeIgniter\CodeIgniter->runController(Object(App\Controllers\Kategori))
#3 D:\xampp\htdocs\Admin\system\CodeIgniter.php(308): CodeIgniter\CodeIgniter->handleRequest(NULL, Object(Config\Cache), false)
#4 D:\xampp\htdocs\Admin\public\index.php(45): CodeIgniter\CodeIgniter->run()
#5 {main}
CRITICAL - 2020-05-13 00:54:27 --> Call to undefined method CodeIgniter\Database\MySQLi\Builder::getRow()
#0 D:\xampp\htdocs\Admin\app\Controllers\Kategori.php(39): App\Models\M_kategori->getLastId()
#1 D:\xampp\htdocs\Admin\system\CodeIgniter.php(914): App\Controllers\Kategori->addKategori()
#2 D:\xampp\htdocs\Admin\system\CodeIgniter.php(400): CodeIgniter\CodeIgniter->runController(Object(App\Controllers\Kategori))
#3 D:\xampp\htdocs\Admin\system\CodeIgniter.php(308): CodeIgniter\CodeIgniter->handleRequest(NULL, Object(Config\Cache), false)
#4 D:\xampp\htdocs\Admin\public\index.php(45): CodeIgniter\CodeIgniter->run()
#5 {main}
CRITICAL - 2020-05-13 00:54:43 --> Trying to get property 'id_kategori' of non-object
#0 D:\xampp\htdocs\Admin\app\Controllers\Kategori.php(40): CodeIgniter\Debug\Exceptions->errorHandler(8, 'Trying to get p...', 'D:\\xampp\\htdocs...', 40, Array)
#1 D:\xampp\htdocs\Admin\system\CodeIgniter.php(914): App\Controllers\Kategori->addKategori()
#2 D:\xampp\htdocs\Admin\system\CodeIgniter.php(400): CodeIgniter\CodeIgniter->runController(Object(App\Controllers\Kategori))
#3 D:\xampp\htdocs\Admin\system\CodeIgniter.php(308): CodeIgniter\CodeIgniter->handleRequest(NULL, Object(Config\Cache), false)
#4 D:\xampp\htdocs\Admin\public\index.php(45): CodeIgniter\CodeIgniter->run()
#5 {main}
CRITICAL - 2020-05-13 00:55:09 --> A non-numeric value encountered
#0 D:\xampp\htdocs\Admin\app\Controllers\Kategori.php(41): CodeIgniter\Debug\Exceptions->errorHandler(2, 'A non-numeric v...', 'D:\\xampp\\htdocs...', 41, Array)
#1 D:\xampp\htdocs\Admin\system\CodeIgniter.php(914): App\Controllers\Kategori->addKategori()
#2 D:\xampp\htdocs\Admin\system\CodeIgniter.php(400): CodeIgniter\CodeIgniter->runController(Object(App\Controllers\Kategori))
#3 D:\xampp\htdocs\Admin\system\CodeIgniter.php(308): CodeIgniter\CodeIgniter->handleRequest(NULL, Object(Config\Cache), false)
#4 D:\xampp\htdocs\Admin\public\index.php(45): CodeIgniter\CodeIgniter->run()
#5 {main}
CRITICAL - 2020-05-13 00:55:29 --> A non-numeric value encountered
#0 D:\xampp\htdocs\Admin\app\Controllers\Kategori.php(41): CodeIgniter\Debug\Exceptions->errorHandler(2, 'A non-numeric v...', 'D:\\xampp\\htdocs...', 41, Array)
#1 D:\xampp\htdocs\Admin\system\CodeIgniter.php(914): App\Controllers\Kategori->addKategori()
#2 D:\xampp\htdocs\Admin\system\CodeIgniter.php(400): CodeIgniter\CodeIgniter->runController(Object(App\Controllers\Kategori))
#3 D:\xampp\htdocs\Admin\system\CodeIgniter.php(308): CodeIgniter\CodeIgniter->handleRequest(NULL, Object(Config\Cache), false)
#4 D:\xampp\htdocs\Admin\public\index.php(45): CodeIgniter\CodeIgniter->run()
#5 {main}
CRITICAL - 2020-05-13 00:57:44 --> A non-numeric value encountered
#0 D:\xampp\htdocs\Admin\app\Controllers\Kategori.php(41): CodeIgniter\Debug\Exceptions->errorHandler(2, 'A non-numeric v...', 'D:\\xampp\\htdocs...', 41, Array)
#1 D:\xampp\htdocs\Admin\system\CodeIgniter.php(914): App\Controllers\Kategori->addKategori()
#2 D:\xampp\htdocs\Admin\system\CodeIgniter.php(400): CodeIgniter\CodeIgniter->runController(Object(App\Controllers\Kategori))
#3 D:\xampp\htdocs\Admin\system\CodeIgniter.php(308): CodeIgniter\CodeIgniter->handleRequest(NULL, Object(Config\Cache), false)
#4 D:\xampp\htdocs\Admin\public\index.php(45): CodeIgniter\CodeIgniter->run()
#5 {main}
CRITICAL - 2020-05-13 01:03:23 --> syntax error, unexpected '$id_kategori' (T_VARIABLE)
#0 D:\xampp\htdocs\Admin\system\Router\Router.php(192): CodeIgniter\Router\Router->autoRoute('Kategori/AddKat...')
#1 D:\xampp\htdocs\Admin\system\CodeIgniter.php(789): CodeIgniter\Router\Router->handle('Kategori/AddKat...')
#2 D:\xampp\htdocs\Admin\system\CodeIgniter.php(360): CodeIgniter\CodeIgniter->tryToRouteIt(Object(CodeIgniter\Router\RouteCollection))
#3 D:\xampp\htdocs\Admin\system\CodeIgniter.php(308): CodeIgniter\CodeIgniter->handleRequest(NULL, Object(Config\Cache), false)
#4 D:\xampp\htdocs\Admin\public\index.php(45): CodeIgniter\CodeIgniter->run()
#5 {main}
CRITICAL - 2020-05-13 01:04:12 --> A non-numeric value encountered
#0 D:\xampp\htdocs\Admin\app\Controllers\Kategori.php(41): CodeIgniter\Debug\Exceptions->errorHandler(2, 'A non-numeric v...', 'D:\\xampp\\htdocs...', 41, Array)
#1 D:\xampp\htdocs\Admin\system\CodeIgniter.php(914): App\Controllers\Kategori->addKategori()
#2 D:\xampp\htdocs\Admin\system\CodeIgniter.php(400): CodeIgniter\CodeIgniter->runController(Object(App\Controllers\Kategori))
#3 D:\xampp\htdocs\Admin\system\CodeIgniter.php(308): CodeIgniter\CodeIgniter->handleRequest(NULL, Object(Config\Cache), false)
#4 D:\xampp\htdocs\Admin\public\index.php(45): CodeIgniter\CodeIgniter->run()
#5 {main}
CRITICAL - 2020-05-13 01:05:13 --> A non-numeric value encountered
#0 D:\xampp\htdocs\Admin\app\Controllers\Kategori.php(41): CodeIgniter\Debug\Exceptions->errorHandler(2, 'A non-numeric v...', 'D:\\xampp\\htdocs...', 41, Array)
#1 D:\xampp\htdocs\Admin\system\CodeIgniter.php(914): App\Controllers\Kategori->addKategori()
#2 D:\xampp\htdocs\Admin\system\CodeIgniter.php(400): CodeIgniter\CodeIgniter->runController(Object(App\Controllers\Kategori))
#3 D:\xampp\htdocs\Admin\system\CodeIgniter.php(308): CodeIgniter\CodeIgniter->handleRequest(NULL, Object(Config\Cache), false)
#4 D:\xampp\htdocs\Admin\public\index.php(45): CodeIgniter\CodeIgniter->run()
#5 {main}
CRITICAL - 2020-05-13 01:05:38 --> A non-numeric value encountered
#0 D:\xampp\htdocs\Admin\app\Controllers\Kategori.php(41): CodeIgniter\Debug\Exceptions->errorHandler(2, 'A non-numeric v...', 'D:\\xampp\\htdocs...', 41, Array)
#1 D:\xampp\htdocs\Admin\system\CodeIgniter.php(914): App\Controllers\Kategori->addKategori()
#2 D:\xampp\htdocs\Admin\system\CodeIgniter.php(400): CodeIgniter\CodeIgniter->runController(Object(App\Controllers\Kategori))
#3 D:\xampp\htdocs\Admin\system\CodeIgniter.php(308): CodeIgniter\CodeIgniter->handleRequest(NULL, Object(Config\Cache), false)
#4 D:\xampp\htdocs\Admin\public\index.php(45): CodeIgniter\CodeIgniter->run()
#5 {main}
CRITICAL - 2020-05-13 01:07:11 --> A non-numeric value encountered
#0 D:\xampp\htdocs\Admin\app\Controllers\Kategori.php(41): CodeIgniter\Debug\Exceptions->errorHandler(2, 'A non-numeric v...', 'D:\\xampp\\htdocs...', 41, Array)
#1 D:\xampp\htdocs\Admin\system\CodeIgniter.php(914): App\Controllers\Kategori->addKategori()
#2 D:\xampp\htdocs\Admin\system\CodeIgniter.php(400): CodeIgniter\CodeIgniter->runController(Object(App\Controllers\Kategori))
#3 D:\xampp\htdocs\Admin\system\CodeIgniter.php(308): CodeIgniter\CodeIgniter->handleRequest(NULL, Object(Config\Cache), false)
#4 D:\xampp\htdocs\Admin\public\index.php(45): CodeIgniter\CodeIgniter->run()
#5 {main}
CRITICAL - 2020-05-13 01:07:25 --> A non-numeric value encountered
#0 D:\xampp\htdocs\Admin\app\Controllers\Kategori.php(41): CodeIgniter\Debug\Exceptions->errorHandler(2, 'A non-numeric v...', 'D:\\xampp\\htdocs...', 41, Array)
#1 D:\xampp\htdocs\Admin\system\CodeIgniter.php(914): App\Controllers\Kategori->addKategori()
#2 D:\xampp\htdocs\Admin\system\CodeIgniter.php(400): CodeIgniter\CodeIgniter->runController(Object(App\Controllers\Kategori))
#3 D:\xampp\htdocs\Admin\system\CodeIgniter.php(308): CodeIgniter\CodeIgniter->handleRequest(NULL, Object(Config\Cache), false)
#4 D:\xampp\htdocs\Admin\public\index.php(45): CodeIgniter\CodeIgniter->run()
#5 {main}
CRITICAL - 2020-05-13 01:08:07 --> Trying to get property 'id_kategori' of non-object
#0 D:\xampp\htdocs\Admin\app\Controllers\Kategori.php(40): CodeIgniter\Debug\Exceptions->errorHandler(8, 'Trying to get p...', 'D:\\xampp\\htdocs...', 40, Array)
#1 D:\xampp\htdocs\Admin\system\CodeIgniter.php(914): App\Controllers\Kategori->addKategori()
#2 D:\xampp\htdocs\Admin\system\CodeIgniter.php(400): CodeIgniter\CodeIgniter->runController(Object(App\Controllers\Kategori))
#3 D:\xampp\htdocs\Admin\system\CodeIgniter.php(308): CodeIgniter\CodeIgniter->handleRequest(NULL, Object(Config\Cache), false)
#4 D:\xampp\htdocs\Admin\public\index.php(45): CodeIgniter\CodeIgniter->run()
#5 {main}
CRITICAL - 2020-05-13 01:08:33 --> Trying to get property 'id_kategori' of non-object
#0 D:\xampp\htdocs\Admin\app\Controllers\Kategori.php(40): CodeIgniter\Debug\Exceptions->errorHandler(8, 'Trying to get p...', 'D:\\xampp\\htdocs...', 40, Array)
#1 D:\xampp\htdocs\Admin\system\CodeIgniter.php(914): App\Controllers\Kategori->addKategori()
#2 D:\xampp\htdocs\Admin\system\CodeIgniter.php(400): CodeIgniter\CodeIgniter->runController(Object(App\Controllers\Kategori))
#3 D:\xampp\htdocs\Admin\system\CodeIgniter.php(308): CodeIgniter\CodeIgniter->handleRequest(NULL, Object(Config\Cache), false)
#4 D:\xampp\htdocs\Admin\public\index.php(45): CodeIgniter\CodeIgniter->run()
#5 {main}
CRITICAL - 2020-05-13 01:08:42 --> A non-numeric value encountered
#0 D:\xampp\htdocs\Admin\app\Controllers\Kategori.php(41): CodeIgniter\Debug\Exceptions->errorHandler(2, 'A non-numeric v...', 'D:\\xampp\\htdocs...', 41, Array)
#1 D:\xampp\htdocs\Admin\system\CodeIgniter.php(914): App\Controllers\Kategori->addKategori()
#2 D:\xampp\htdocs\Admin\system\CodeIgniter.php(400): CodeIgniter\CodeIgniter->runController(Object(App\Controllers\Kategori))
#3 D:\xampp\htdocs\Admin\system\CodeIgniter.php(308): CodeIgniter\CodeIgniter->handleRequest(NULL, Object(Config\Cache), false)
#4 D:\xampp\htdocs\Admin\public\index.php(45): CodeIgniter\CodeIgniter->run()
#5 {main}
CRITICAL - 2020-05-13 01:13:01 --> A non-numeric value encountered
#0 D:\xampp\htdocs\Admin\app\Controllers\Kategori.php(41): CodeIgniter\Debug\Exceptions->errorHandler(2, 'A non-numeric v...', 'D:\\xampp\\htdocs...', 41, Array)
#1 D:\xampp\htdocs\Admin\system\CodeIgniter.php(914): App\Controllers\Kategori->addKategori()
#2 D:\xampp\htdocs\Admin\system\CodeIgniter.php(400): CodeIgniter\CodeIgniter->runController(Object(App\Controllers\Kategori))
#3 D:\xampp\htdocs\Admin\system\CodeIgniter.php(308): CodeIgniter\CodeIgniter->handleRequest(NULL, Object(Config\Cache), false)
#4 D:\xampp\htdocs\Admin\public\index.php(45): CodeIgniter\CodeIgniter->run()
#5 {main}
CRITICAL - 2020-05-13 01:16:48 --> Undefined variable: query
#0 D:\xampp\htdocs\Admin\app\Models\M_Kategori.php(27): CodeIgniter\Debug\Exceptions->errorHandler(8, 'Undefined varia...', 'D:\\xampp\\htdocs...', 27, Array)
#1 D:\xampp\htdocs\Admin\app\Controllers\Kategori.php(39): App\Models\M_kategori->getLastId()
#2 D:\xampp\htdocs\Admin\system\CodeIgniter.php(914): App\Controllers\Kategori->addKategori()
#3 D:\xampp\htdocs\Admin\system\CodeIgniter.php(400): CodeIgniter\CodeIgniter->runController(Object(App\Controllers\Kategori))
#4 D:\xampp\htdocs\Admin\system\CodeIgniter.php(308): CodeIgniter\CodeIgniter->handleRequest(NULL, Object(Config\Cache), false)
#5 D:\xampp\htdocs\Admin\public\index.php(45): CodeIgniter\CodeIgniter->run()
#6 {main}
CRITICAL - 2020-05-13 01:18:06 --> ltrim() expects parameter 1 to be string, object given
#0 [internal function]: CodeIgniter\Debug\Exceptions->errorHandler(2, 'ltrim() expects...', 'D:\\xampp\\htdocs...', 40, Array)
#1 D:\xampp\htdocs\Admin\app\Controllers\Kategori.php(40): ltrim(Object(stdClass), 'KT')
#2 D:\xampp\htdocs\Admin\system\CodeIgniter.php(914): App\Controllers\Kategori->addKategori()
#3 D:\xampp\htdocs\Admin\system\CodeIgniter.php(400): CodeIgniter\CodeIgniter->runController(Object(App\Controllers\Kategori))
#4 D:\xampp\htdocs\Admin\system\CodeIgniter.php(308): CodeIgniter\CodeIgniter->handleRequest(NULL, Object(Config\Cache), false)
#5 D:\xampp\htdocs\Admin\public\index.php(45): CodeIgniter\CodeIgniter->run()
#6 {main}
CRITICAL - 2020-05-13 01:19:04 --> Trying to get property 'id_kategori' of non-object
#0 D:\xampp\htdocs\Admin\app\Controllers\Kategori.php(40): CodeIgniter\Debug\Exceptions->errorHandler(8, 'Trying to get p...', 'D:\\xampp\\htdocs...', 40, Array)
#1 D:\xampp\htdocs\Admin\system\CodeIgniter.php(914): App\Controllers\Kategori->addKategori()
#2 D:\xampp\htdocs\Admin\system\CodeIgniter.php(400): CodeIgniter\CodeIgniter->runController(Object(App\Controllers\Kategori))
#3 D:\xampp\htdocs\Admin\system\CodeIgniter.php(308): CodeIgniter\CodeIgniter->handleRequest(NULL, Object(Config\Cache), false)
#4 D:\xampp\htdocs\Admin\public\index.php(45): CodeIgniter\CodeIgniter->run()
#5 {main}
CRITICAL - 2020-05-13 01:21:00 --> Trying to get property 'id_kategori' of non-object
#0 D:\xampp\htdocs\Admin\app\Controllers\Kategori.php(40): CodeIgniter\Debug\Exceptions->errorHandler(8, 'Trying to get p...', 'D:\\xampp\\htdocs...', 40, Array)
#1 D:\xampp\htdocs\Admin\system\CodeIgniter.php(914): App\Controllers\Kategori->addKategori()
#2 D:\xampp\htdocs\Admin\system\CodeIgniter.php(400): CodeIgniter\CodeIgniter->runController(Object(App\Controllers\Kategori))
#3 D:\xampp\htdocs\Admin\system\CodeIgniter.php(308): CodeIgniter\CodeIgniter->handleRequest(NULL, Object(Config\Cache), false)
#4 D:\xampp\htdocs\Admin\public\index.php(45): CodeIgniter\CodeIgniter->run()
#5 {main}
CRITICAL - 2020-05-13 01:21:44 --> Trying to get property 'id_kategori' of non-object
#0 D:\xampp\htdocs\Admin\app\Controllers\Kategori.php(40): CodeIgniter\Debug\Exceptions->errorHandler(8, 'Trying to get p...', 'D:\\xampp\\htdocs...', 40, Array)
#1 D:\xampp\htdocs\Admin\system\CodeIgniter.php(914): App\Controllers\Kategori->addKategori()
#2 D:\xampp\htdocs\Admin\system\CodeIgniter.php(400): CodeIgniter\CodeIgniter->runController(Object(App\Controllers\Kategori))
#3 D:\xampp\htdocs\Admin\system\CodeIgniter.php(308): CodeIgniter\CodeIgniter->handleRequest(NULL, Object(Config\Cache), false)
#4 D:\xampp\htdocs\Admin\public\index.php(45): CodeIgniter\CodeIgniter->run()
#5 {main}
CRITICAL - 2020-05-13 01:22:05 --> A non-numeric value encountered
#0 D:\xampp\htdocs\Admin\app\Controllers\Kategori.php(46): CodeIgniter\Debug\Exceptions->errorHandler(2, 'A non-numeric v...', 'D:\\xampp\\htdocs...', 46, Array)
#1 D:\xampp\htdocs\Admin\system\CodeIgniter.php(914): App\Controllers\Kategori->addKategori()
#2 D:\xampp\htdocs\Admin\system\CodeIgniter.php(400): CodeIgniter\CodeIgniter->runController(Object(App\Controllers\Kategori))
#3 D:\xampp\htdocs\Admin\system\CodeIgniter.php(308): CodeIgniter\CodeIgniter->handleRequest(NULL, Object(Config\Cache), false)
#4 D:\xampp\htdocs\Admin\public\index.php(45): CodeIgniter\CodeIgniter->run()
#5 {main}
CRITICAL - 2020-05-13 01:30:28 --> You must set the database table to be used with your query.
#0 D:\xampp\htdocs\Admin\system\Model.php(1206): CodeIgniter\Database\BaseConnection->table(NULL)
#1 D:\xampp\htdocs\Admin\system\Model.php(1714): CodeIgniter\Model->builder()
#2 D:\xampp\htdocs\Admin\app\Controllers\Kategori.php(62): CodeIgniter\Model->__call('deleteKategori', Array)
#3 D:\xampp\htdocs\Admin\system\CodeIgniter.php(914): App\Controllers\Kategori->Remove('KT02')
#4 D:\xampp\htdocs\Admin\system\CodeIgniter.php(400): CodeIgniter\CodeIgniter->runController(Object(App\Controllers\Kategori))
#5 D:\xampp\htdocs\Admin\system\CodeIgniter.php(308): CodeIgniter\CodeIgniter->handleRequest(NULL, Object(Config\Cache), false)
#6 D:\xampp\htdocs\Admin\public\index.php(45): CodeIgniter\CodeIgniter->run()
#7 {main}
CRITICAL - 2020-05-13 02:41:07 --> Class 'App\Controllers\M_Kategori' not found
#0 D:\xampp\htdocs\Admin\system\CodeIgniter.php(886): App\Controllers\Home->__construct()
#1 D:\xampp\htdocs\Admin\system\CodeIgniter.php(395): CodeIgniter\CodeIgniter->createController()
#2 D:\xampp\htdocs\Admin\system\CodeIgniter.php(308): CodeIgniter\CodeIgniter->handleRequest(NULL, Object(Config\Cache), false)
#3 D:\xampp\htdocs\Admin\public\index.php(45): CodeIgniter\CodeIgniter->run()
#4 {main}
CRITICAL - 2020-05-13 02:41:26 --> You must set the database table to be used with your query.
#0 D:\xampp\htdocs\Admin\system\Model.php(1206): CodeIgniter\Database\BaseConnection->table(NULL)
#1 D:\xampp\htdocs\Admin\system\Model.php(1714): CodeIgniter\Model->builder()
#2 D:\xampp\htdocs\Admin\app\Controllers\Home.php(31): CodeIgniter\Model->__call('get_identitas', Array)
#3 D:\xampp\htdocs\Admin\system\CodeIgniter.php(914): App\Controllers\Home->Layanan()
#4 D:\xampp\htdocs\Admin\system\CodeIgniter.php(400): CodeIgniter\CodeIgniter->runController(Object(App\Controllers\Home))
#5 D:\xampp\htdocs\Admin\system\CodeIgniter.php(308): CodeIgniter\CodeIgniter->handleRequest(NULL, Object(Config\Cache), false)
#6 D:\xampp\htdocs\Admin\public\index.php(45): CodeIgniter\CodeIgniter->run()
#7 {main}
CRITICAL - 2020-05-13 02:41:52 --> You must set the database table to be used with your query.
#0 D:\xampp\htdocs\Admin\system\Model.php(1206): CodeIgniter\Database\BaseConnection->table(NULL)
#1 D:\xampp\htdocs\Admin\system\Model.php(1714): CodeIgniter\Model->builder()
#2 D:\xampp\htdocs\Admin\app\Controllers\Home.php(31): CodeIgniter\Model->__call('get_identitas', Array)
#3 D:\xampp\htdocs\Admin\system\CodeIgniter.php(914): App\Controllers\Home->Layanan()
#4 D:\xampp\htdocs\Admin\system\CodeIgniter.php(400): CodeIgniter\CodeIgniter->runController(Object(App\Controllers\Home))
#5 D:\xampp\htdocs\Admin\system\CodeIgniter.php(308): CodeIgniter\CodeIgniter->handleRequest(NULL, Object(Config\Cache), false)
#6 D:\xampp\htdocs\Admin\public\index.php(45): CodeIgniter\CodeIgniter->run()
#7 {main}
CRITICAL - 2020-05-13 02:55:11 --> Class 'App\Models\M_Layanan' not found
#0 D:\xampp\htdocs\Admin\system\CodeIgniter.php(886): App\Controllers\Home->__construct()
#1 D:\xampp\htdocs\Admin\system\CodeIgniter.php(395): CodeIgniter\CodeIgniter->createController()
#2 D:\xampp\htdocs\Admin\system\CodeIgniter.php(308): CodeIgniter\CodeIgniter->handleRequest(NULL, Object(Config\Cache), false)
#3 D:\xampp\htdocs\Admin\public\index.php(45): CodeIgniter\CodeIgniter->run()
#4 {main}
