CRITICAL - 2020-05-08 02:37:45 --> Undefined property: CodeIgniter\HTTP\Files\UploadedFile::$getSize
#0 C:\xampp\htdocs\Admin\app\Controllers\Admin.php(22): CodeIgniter\Debug\Exceptions->errorHandler(8, 'Undefined prope...', 'C:\\xampp\\htdocs...', 22, Array)
#1 C:\xampp\htdocs\Admin\system\CodeIgniter.php(914): App\Controllers\Admin->Tambah()
#2 C:\xampp\htdocs\Admin\system\CodeIgniter.php(400): CodeIgniter\CodeIgniter->runController(Object(App\Controllers\Admin))
#3 C:\xampp\htdocs\Admin\system\CodeIgniter.php(308): CodeIgniter\CodeIgniter->handleRequest(NULL, Object(Config\Cache), false)
#4 C:\xampp\htdocs\Admin\public\index.php(45): CodeIgniter\CodeIgniter->run()
#5 {main}
CRITICAL - 2020-05-08 02:59:59 --> Undefined property: CodeIgniter\View\View::$request
#0 C:\xampp\htdocs\Admin\app\Views\Admin\Layout\Sidebar.php(1716): CodeIgniter\Debug\Exceptions->errorHandler(8, 'Undefined prope...', 'C:\\xampp\\htdocs...', 1716, Array)
#1 C:\xampp\htdocs\Admin\system\View\View.php(246): include('C:\\xampp\\htdocs...')
#2 C:\xampp\htdocs\Admin\system\Common.php(1087): CodeIgniter\View\View->render('Admin/Layout/Si...', Array, true)
#3 C:\xampp\htdocs\Admin\app\Views\Admin\Layout\Wrapper.php(4): view('Admin/Layout/Si...')
#4 C:\xampp\htdocs\Admin\system\View\View.php(246): include('C:\\xampp\\htdocs...')
#5 C:\xampp\htdocs\Admin\system\Common.php(1087): CodeIgniter\View\View->render('Admin/Layout/Wr...', Array, true)
#6 C:\xampp\htdocs\Admin\app\Controllers\Member.php(10): view('Admin/Layout/Wr...', Array)
#7 C:\xampp\htdocs\Admin\system\CodeIgniter.php(914): App\Controllers\Member->index()
#8 C:\xampp\htdocs\Admin\system\CodeIgniter.php(400): CodeIgniter\CodeIgniter->runController(Object(App\Controllers\Member))
#9 C:\xampp\htdocs\Admin\system\CodeIgniter.php(308): CodeIgniter\CodeIgniter->handleRequest(NULL, Object(Config\Cache), false)
#10 C:\xampp\htdocs\Admin\public\index.php(45): CodeIgniter\CodeIgniter->run()
#11 {main}
CRITICAL - 2020-05-08 03:00:09 --> Undefined variable: request
#0 C:\xampp\htdocs\Admin\app\Views\Admin\Layout\Sidebar.php(1716): CodeIgniter\Debug\Exceptions->errorHandler(8, 'Undefined varia...', 'C:\\xampp\\htdocs...', 1716, Array)
#1 C:\xampp\htdocs\Admin\system\View\View.php(246): include('C:\\xampp\\htdocs...')
#2 C:\xampp\htdocs\Admin\system\Common.php(1087): CodeIgniter\View\View->render('Admin/Layout/Si...', Array, true)
#3 C:\xampp\htdocs\Admin\app\Views\Admin\Layout\Wrapper.php(4): view('Admin/Layout/Si...')
#4 C:\xampp\htdocs\Admin\system\View\View.php(246): include('C:\\xampp\\htdocs...')
#5 C:\xampp\htdocs\Admin\system\Common.php(1087): CodeIgniter\View\View->render('Admin/Layout/Wr...', Array, true)
#6 C:\xampp\htdocs\Admin\app\Controllers\Member.php(10): view('Admin/Layout/Wr...', Array)
#7 C:\xampp\htdocs\Admin\system\CodeIgniter.php(914): App\Controllers\Member->index()
#8 C:\xampp\htdocs\Admin\system\CodeIgniter.php(400): CodeIgniter\CodeIgniter->runController(Object(App\Controllers\Member))
#9 C:\xampp\htdocs\Admin\system\CodeIgniter.php(308): CodeIgniter\CodeIgniter->handleRequest(NULL, Object(Config\Cache), false)
#10 C:\xampp\htdocs\Admin\public\index.php(45): CodeIgniter\CodeIgniter->run()
#11 {main}
CRITICAL - 2020-05-08 03:01:20 --> Undefined property: CodeIgniter\View\View::$request
#0 C:\xampp\htdocs\Admin\app\Views\Admin\Layout\Sidebar.php(1716): CodeIgniter\Debug\Exceptions->errorHandler(8, 'Undefined prope...', 'C:\\xampp\\htdocs...', 1716, Array)
#1 C:\xampp\htdocs\Admin\system\View\View.php(246): include('C:\\xampp\\htdocs...')
#2 C:\xampp\htdocs\Admin\system\Common.php(1087): CodeIgniter\View\View->render('Admin/Layout/Si...', Array, true)
#3 C:\xampp\htdocs\Admin\app\Views\Admin\Layout\Wrapper.php(4): view('Admin/Layout/Si...')
#4 C:\xampp\htdocs\Admin\system\View\View.php(246): include('C:\\xampp\\htdocs...')
#5 C:\xampp\htdocs\Admin\system\Common.php(1087): CodeIgniter\View\View->render('Admin/Layout/Wr...', Array, true)
#6 C:\xampp\htdocs\Admin\app\Controllers\Member.php(10): view('Admin/Layout/Wr...', Array)
#7 C:\xampp\htdocs\Admin\system\CodeIgniter.php(914): App\Controllers\Member->index()
#8 C:\xampp\htdocs\Admin\system\CodeIgniter.php(400): CodeIgniter\CodeIgniter->runController(Object(App\Controllers\Member))
#9 C:\xampp\htdocs\Admin\system\CodeIgniter.php(308): CodeIgniter\CodeIgniter->handleRequest(NULL, Object(Config\Cache), false)
#10 C:\xampp\htdocs\Admin\public\index.php(45): CodeIgniter\CodeIgniter->run()
#11 {main}
CRITICAL - 2020-05-08 03:02:36 --> Undefined variable: admin
#0 C:\xampp\htdocs\Admin\app\Views\Admin\User\V_Member.php(26): CodeIgniter\Debug\Exceptions->errorHandler(8, 'Undefined varia...', 'C:\\xampp\\htdocs...', 26, Array)
#1 C:\xampp\htdocs\Admin\system\View\View.php(246): include('C:\\xampp\\htdocs...')
#2 C:\xampp\htdocs\Admin\system\Common.php(1087): CodeIgniter\View\View->render('Admin/User/V_Me...', Array, true)
#3 C:\xampp\htdocs\Admin\app\Views\Admin\Layout\Content.php(3): view('Admin/User/V_Me...')
#4 C:\xampp\htdocs\Admin\system\View\View.php(246): include('C:\\xampp\\htdocs...')
#5 C:\xampp\htdocs\Admin\system\Common.php(1087): CodeIgniter\View\View->render('Admin/Layout/Co...', Array, true)
#6 C:\xampp\htdocs\Admin\app\Views\Admin\Layout\Wrapper.php(5): view('Admin/Layout/Co...')
#7 C:\xampp\htdocs\Admin\system\View\View.php(246): include('C:\\xampp\\htdocs...')
#8 C:\xampp\htdocs\Admin\system\Common.php(1087): CodeIgniter\View\View->render('Admin/Layout/Wr...', Array, true)
#9 C:\xampp\htdocs\Admin\app\Controllers\Member.php(10): view('Admin/Layout/Wr...', Array)
#10 C:\xampp\htdocs\Admin\system\CodeIgniter.php(914): App\Controllers\Member->index()
#11 C:\xampp\htdocs\Admin\system\CodeIgniter.php(400): CodeIgniter\CodeIgniter->runController(Object(App\Controllers\Member))
#12 C:\xampp\htdocs\Admin\system\CodeIgniter.php(308): CodeIgniter\CodeIgniter->handleRequest(NULL, Object(Config\Cache), false)
#13 C:\xampp\htdocs\Admin\public\index.php(45): CodeIgniter\CodeIgniter->run()
#14 {main}
CRITICAL - 2020-05-08 03:02:53 --> Undefined variable: admin
#0 C:\xampp\htdocs\Admin\app\Views\Admin\User\V_Member.php(26): CodeIgniter\Debug\Exceptions->errorHandler(8, 'Undefined varia...', 'C:\\xampp\\htdocs...', 26, Array)
#1 C:\xampp\htdocs\Admin\system\View\View.php(246): include('C:\\xampp\\htdocs...')
#2 C:\xampp\htdocs\Admin\system\Common.php(1087): CodeIgniter\View\View->render('Admin/User/V_Me...', Array, true)
#3 C:\xampp\htdocs\Admin\app\Views\Admin\Layout\Content.php(3): view('Admin/User/V_Me...')
#4 C:\xampp\htdocs\Admin\system\View\View.php(246): include('C:\\xampp\\htdocs...')
#5 C:\xampp\htdocs\Admin\system\Common.php(1087): CodeIgniter\View\View->render('Admin/Layout/Co...', Array, true)
#6 C:\xampp\htdocs\Admin\app\Views\Admin\Layout\Wrapper.php(5): view('Admin/Layout/Co...')
#7 C:\xampp\htdocs\Admin\system\View\View.php(246): include('C:\\xampp\\htdocs...')
#8 C:\xampp\htdocs\Admin\system\Common.php(1087): CodeIgniter\View\View->render('Admin/Layout/Wr...', Array, true)
#9 C:\xampp\htdocs\Admin\app\Controllers\Member.php(10): view('Admin/Layout/Wr...', Array)
#10 C:\xampp\htdocs\Admin\system\CodeIgniter.php(914): App\Controllers\Member->index()
#11 C:\xampp\htdocs\Admin\system\CodeIgniter.php(400): CodeIgniter\CodeIgniter->runController(Object(App\Controllers\Member))
#12 C:\xampp\htdocs\Admin\system\CodeIgniter.php(308): CodeIgniter\CodeIgniter->handleRequest(NULL, Object(Config\Cache), false)
#13 C:\xampp\htdocs\Admin\public\index.php(45): CodeIgniter\CodeIgniter->run()
#14 {main}
CRITICAL - 2020-05-08 03:10:27 --> Undefined property: stdClass::$id_admin
#0 C:\xampp\htdocs\Admin\app\Views\Admin\User\V_Member.php(45): CodeIgniter\Debug\Exceptions->errorHandler(8, 'Undefined prope...', 'C:\\xampp\\htdocs...', 45, Array)
#1 C:\xampp\htdocs\Admin\system\View\View.php(246): include('C:\\xampp\\htdocs...')
#2 C:\xampp\htdocs\Admin\system\Common.php(1087): CodeIgniter\View\View->render('Admin/User/V_Me...', Array, true)
#3 C:\xampp\htdocs\Admin\app\Views\Admin\Layout\Content.php(3): view('Admin/User/V_Me...')
#4 C:\xampp\htdocs\Admin\system\View\View.php(246): include('C:\\xampp\\htdocs...')
#5 C:\xampp\htdocs\Admin\system\Common.php(1087): CodeIgniter\View\View->render('Admin/Layout/Co...', Array, true)
#6 C:\xampp\htdocs\Admin\app\Views\Admin\Layout\Wrapper.php(5): view('Admin/Layout/Co...')
#7 C:\xampp\htdocs\Admin\system\View\View.php(246): include('C:\\xampp\\htdocs...')
#8 C:\xampp\htdocs\Admin\system\Common.php(1087): CodeIgniter\View\View->render('Admin/Layout/Wr...', Array, true)
#9 C:\xampp\htdocs\Admin\app\Controllers\Member.php(18): view('Admin/Layout/Wr...', Array)
#10 C:\xampp\htdocs\Admin\system\CodeIgniter.php(914): App\Controllers\Member->index()
#11 C:\xampp\htdocs\Admin\system\CodeIgniter.php(400): CodeIgniter\CodeIgniter->runController(Object(App\Controllers\Member))
#12 C:\xampp\htdocs\Admin\system\CodeIgniter.php(308): CodeIgniter\CodeIgniter->handleRequest(NULL, Object(Config\Cache), false)
#13 C:\xampp\htdocs\Admin\public\index.php(45): CodeIgniter\CodeIgniter->run()
#14 {main}
CRITICAL - 2020-05-08 03:11:06 --> syntax error, unexpected '&'
#0 C:\xampp\htdocs\Admin\system\Common.php(1087): CodeIgniter\View\View->render('Admin/User/V_Me...', Array, true)
#1 C:\xampp\htdocs\Admin\app\Views\Admin\Layout\Content.php(3): view('Admin/User/V_Me...')
#2 C:\xampp\htdocs\Admin\system\View\View.php(246): include('C:\\xampp\\htdocs...')
#3 C:\xampp\htdocs\Admin\system\Common.php(1087): CodeIgniter\View\View->render('Admin/Layout/Co...', Array, true)
#4 C:\xampp\htdocs\Admin\app\Views\Admin\Layout\Wrapper.php(5): view('Admin/Layout/Co...')
#5 C:\xampp\htdocs\Admin\system\View\View.php(246): include('C:\\xampp\\htdocs...')
#6 C:\xampp\htdocs\Admin\system\Common.php(1087): CodeIgniter\View\View->render('Admin/Layout/Wr...', Array, true)
#7 C:\xampp\htdocs\Admin\app\Controllers\Member.php(18): view('Admin/Layout/Wr...', Array)
#8 C:\xampp\htdocs\Admin\system\CodeIgniter.php(914): App\Controllers\Member->index()
#9 C:\xampp\htdocs\Admin\system\CodeIgniter.php(400): CodeIgniter\CodeIgniter->runController(Object(App\Controllers\Member))
#10 C:\xampp\htdocs\Admin\system\CodeIgniter.php(308): CodeIgniter\CodeIgniter->handleRequest(NULL, Object(Config\Cache), false)
#11 C:\xampp\htdocs\Admin\public\index.php(45): CodeIgniter\CodeIgniter->run()
#12 {main}
CRITICAL - 2020-05-08 03:16:12 --> Call to undefined function form_error()
#0 C:\xampp\htdocs\Admin\system\View\View.php(246): include()
#1 C:\xampp\htdocs\Admin\system\Common.php(1087): CodeIgniter\View\View->render('Admin/User/V_Me...', Array, true)
#2 C:\xampp\htdocs\Admin\app\Views\Admin\Layout\Content.php(3): view('Admin/User/V_Me...')
#3 C:\xampp\htdocs\Admin\system\View\View.php(246): include('C:\\xampp\\htdocs...')
#4 C:\xampp\htdocs\Admin\system\Common.php(1087): CodeIgniter\View\View->render('Admin/Layout/Co...', Array, true)
#5 C:\xampp\htdocs\Admin\app\Views\Admin\Layout\Wrapper.php(5): view('Admin/Layout/Co...')
#6 C:\xampp\htdocs\Admin\system\View\View.php(246): include('C:\\xampp\\htdocs...')
#7 C:\xampp\htdocs\Admin\system\Common.php(1087): CodeIgniter\View\View->render('Admin/Layout/Wr...', Array, true)
#8 C:\xampp\htdocs\Admin\app\Controllers\Member.php(18): view('Admin/Layout/Wr...', Array)
#9 C:\xampp\htdocs\Admin\system\CodeIgniter.php(914): App\Controllers\Member->index()
#10 C:\xampp\htdocs\Admin\system\CodeIgniter.php(400): CodeIgniter\CodeIgniter->runController(Object(App\Controllers\Member))
#11 C:\xampp\htdocs\Admin\system\CodeIgniter.php(308): CodeIgniter\CodeIgniter->handleRequest(NULL, Object(Config\Cache), false)
#12 C:\xampp\htdocs\Admin\public\index.php(45): CodeIgniter\CodeIgniter->run()
#13 {main}
CRITICAL - 2020-05-08 03:32:26 --> Call to a member function getSize() on null
#0 C:\xampp\htdocs\Admin\system\CodeIgniter.php(914): App\Controllers\Member->Tambah()
#1 C:\xampp\htdocs\Admin\system\CodeIgniter.php(400): CodeIgniter\CodeIgniter->runController(Object(App\Controllers\Member))
#2 C:\xampp\htdocs\Admin\system\CodeIgniter.php(308): CodeIgniter\CodeIgniter->handleRequest(NULL, Object(Config\Cache), false)
#3 C:\xampp\htdocs\Admin\public\index.php(45): CodeIgniter\CodeIgniter->run()
#4 {main}
CRITICAL - 2020-05-08 03:35:08 --> Undefined variable: file
#0 C:\xampp\htdocs\Admin\app\Controllers\Member.php(40): CodeIgniter\Debug\Exceptions->errorHandler(8, 'Undefined varia...', 'C:\\xampp\\htdocs...', 40, Array)
#1 C:\xampp\htdocs\Admin\system\CodeIgniter.php(914): App\Controllers\Member->Tambah()
#2 C:\xampp\htdocs\Admin\system\CodeIgniter.php(400): CodeIgniter\CodeIgniter->runController(Object(App\Controllers\Member))
#3 C:\xampp\htdocs\Admin\system\CodeIgniter.php(308): CodeIgniter\CodeIgniter->handleRequest(NULL, Object(Config\Cache), false)
#4 C:\xampp\htdocs\Admin\public\index.php(45): CodeIgniter\CodeIgniter->run()
#5 {main}
CRITICAL - 2020-05-08 03:35:16 --> Undefined variable: foto
#0 C:\xampp\htdocs\Admin\app\Controllers\Member.php(56): CodeIgniter\Debug\Exceptions->errorHandler(8, 'Undefined varia...', 'C:\\xampp\\htdocs...', 56, Array)
#1 C:\xampp\htdocs\Admin\system\CodeIgniter.php(914): App\Controllers\Member->Tambah()
#2 C:\xampp\htdocs\Admin\system\CodeIgniter.php(400): CodeIgniter\CodeIgniter->runController(Object(App\Controllers\Member))
#3 C:\xampp\htdocs\Admin\system\CodeIgniter.php(308): CodeIgniter\CodeIgniter->handleRequest(NULL, Object(Config\Cache), false)
#4 C:\xampp\htdocs\Admin\public\index.php(45): CodeIgniter\CodeIgniter->run()
#5 {main}
CRITICAL - 2020-05-08 03:35:18 --> Undefined variable: foto
#0 C:\xampp\htdocs\Admin\app\Controllers\Member.php(56): CodeIgniter\Debug\Exceptions->errorHandler(8, 'Undefined varia...', 'C:\\xampp\\htdocs...', 56, Array)
#1 C:\xampp\htdocs\Admin\system\CodeIgniter.php(914): App\Controllers\Member->Tambah()
#2 C:\xampp\htdocs\Admin\system\CodeIgniter.php(400): CodeIgniter\CodeIgniter->runController(Object(App\Controllers\Member))
#3 C:\xampp\htdocs\Admin\system\CodeIgniter.php(308): CodeIgniter\CodeIgniter->handleRequest(NULL, Object(Config\Cache), false)
#4 C:\xampp\htdocs\Admin\public\index.php(45): CodeIgniter\CodeIgniter->run()
#5 {main}
CRITICAL - 2020-05-08 03:39:32 --> Call to a member function getSize() on null
#0 C:\xampp\htdocs\Admin\system\CodeIgniter.php(914): App\Controllers\Member->Tambah()
#1 C:\xampp\htdocs\Admin\system\CodeIgniter.php(400): CodeIgniter\CodeIgniter->runController(Object(App\Controllers\Member))
#2 C:\xampp\htdocs\Admin\system\CodeIgniter.php(308): CodeIgniter\CodeIgniter->handleRequest(NULL, Object(Config\Cache), false)
#3 C:\xampp\htdocs\Admin\public\index.php(45): CodeIgniter\CodeIgniter->run()
#4 {main}
CRITICAL - 2020-05-08 03:51:41 --> Cannot redeclare App\Models\M_Akun::delete_admin()
#0 [internal function]: CodeIgniter\Debug\Exceptions->shutdownHandler()
#1 {main}
CRITICAL - 2020-05-08 04:35:42 --> Object of class CodeIgniter\Database\MySQLi\Result could not be converted to int
#0 C:\xampp\htdocs\Admin\app\Controllers\Member.php(74): CodeIgniter\Debug\Exceptions->errorHandler(8, 'Object of class...', 'C:\\xampp\\htdocs...', 74, Array)
#1 C:\xampp\htdocs\Admin\system\CodeIgniter.php(914): App\Controllers\Member->Hapus('M-1015622425')
#2 C:\xampp\htdocs\Admin\system\CodeIgniter.php(400): CodeIgniter\CodeIgniter->runController(Object(App\Controllers\Member))
#3 C:\xampp\htdocs\Admin\system\CodeIgniter.php(308): CodeIgniter\CodeIgniter->handleRequest(NULL, Object(Config\Cache), false)
#4 C:\xampp\htdocs\Admin\public\index.php(45): CodeIgniter\CodeIgniter->run()
#5 {main}
CRITICAL - 2020-05-08 05:23:51 --> Too few arguments to function CodeIgniter\HTTP\URI::getSegment(), 0 passed in C:\xampp\htdocs\Admin\app\Views\Admin\Layout\Sidebar.php on line 1717 and exactly 1 expected
#0 C:\xampp\htdocs\Admin\app\Views\Admin\Layout\Sidebar.php(1717): CodeIgniter\HTTP\URI->getSegment()
#1 C:\xampp\htdocs\Admin\system\View\View.php(246): include('C:\\xampp\\htdocs...')
#2 C:\xampp\htdocs\Admin\system\Common.php(1087): CodeIgniter\View\View->render('Admin/Layout/Si...', Array, true)
#3 C:\xampp\htdocs\Admin\app\Views\Admin\Layout\Wrapper.php(4): view('Admin/Layout/Si...')
#4 C:\xampp\htdocs\Admin\system\View\View.php(246): include('C:\\xampp\\htdocs...')
#5 C:\xampp\htdocs\Admin\system\Common.php(1087): CodeIgniter\View\View->render('Admin/Layout/Wr...', Array, true)
#6 C:\xampp\htdocs\Admin\app\Controllers\Home_Admin.php(10): view('Admin/Layout/Wr...', Array)
#7 C:\xampp\htdocs\Admin\system\CodeIgniter.php(914): App\Controllers\Home_Admin->index()
#8 C:\xampp\htdocs\Admin\system\CodeIgniter.php(400): CodeIgniter\CodeIgniter->runController(Object(App\Controllers\Home_Admin))
#9 C:\xampp\htdocs\Admin\system\CodeIgniter.php(308): CodeIgniter\CodeIgniter->handleRequest(NULL, Object(Config\Cache), false)
#10 C:\xampp\htdocs\Admin\public\index.php(45): CodeIgniter\CodeIgniter->run()
#11 {main}
