CRITICAL - 2020-05-12 08:06:41 --> syntax error, unexpected 'return' (T_RETURN)
#0 D:\xampp\htdocs\Admin\system\Router\Router.php(192): CodeIgniter\Router\Router->autoRoute('Kategori')
#1 D:\xampp\htdocs\Admin\system\CodeIgniter.php(789): CodeIgniter\Router\Router->handle('Kategori')
#2 D:\xampp\htdocs\Admin\system\CodeIgniter.php(360): CodeIgniter\CodeIgniter->tryToRouteIt(Object(CodeIgniter\Router\RouteCollection))
#3 D:\xampp\htdocs\Admin\system\CodeIgniter.php(308): CodeIgniter\CodeIgniter->handleRequest(NULL, Object(Config\Cache), false)
#4 D:\xampp\htdocs\Admin\public\index.php(45): CodeIgniter\CodeIgniter->run()
#5 {main}
CRITICAL - 2020-05-12 08:07:02 --> Undefined property: mysqli::$nama_kategori
#0 D:\xampp\htdocs\Admin\app\Views\Admin\Kategori\V_Kategori.php(29): CodeIgniter\Debug\Exceptions->errorHandler(8, 'Undefined prope...', 'D:\\xampp\\htdocs...', 29, Array)
#1 D:\xampp\htdocs\Admin\system\View\View.php(246): include('D:\\xampp\\htdocs...')
#2 D:\xampp\htdocs\Admin\system\Common.php(1087): CodeIgniter\View\View->render('Admin/Kategori/...', Array, true)
#3 D:\xampp\htdocs\Admin\app\Views\Admin\Layout\Content.php(3): view('Admin/Kategori/...')
#4 D:\xampp\htdocs\Admin\system\View\View.php(246): include('D:\\xampp\\htdocs...')
#5 D:\xampp\htdocs\Admin\system\Common.php(1087): CodeIgniter\View\View->render('Admin/Layout/Co...', Array, true)
#6 D:\xampp\htdocs\Admin\app\Views\Admin\Layout\Wrapper.php(5): view('Admin/Layout/Co...')
#7 D:\xampp\htdocs\Admin\system\View\View.php(246): include('D:\\xampp\\htdocs...')
#8 D:\xampp\htdocs\Admin\system\Common.php(1087): CodeIgniter\View\View->render('Admin/Layout/Wr...', Array, true)
#9 D:\xampp\htdocs\Admin\app\Controllers\Kategori.php(21): view('Admin/Layout/Wr...', Array)
#10 D:\xampp\htdocs\Admin\system\CodeIgniter.php(914): App\Controllers\Kategori->index()
#11 D:\xampp\htdocs\Admin\system\CodeIgniter.php(400): CodeIgniter\CodeIgniter->runController(Object(App\Controllers\Kategori))
#12 D:\xampp\htdocs\Admin\system\CodeIgniter.php(308): CodeIgniter\CodeIgniter->handleRequest(NULL, Object(Config\Cache), false)
#13 D:\xampp\htdocs\Admin\public\index.php(45): CodeIgniter\CodeIgniter->run()
#14 {main}
CRITICAL - 2020-05-12 08:07:57 --> Undefined property: mysqli::$nama_kategori
#0 D:\xampp\htdocs\Admin\app\Views\Admin\Kategori\V_Kategori.php(29): CodeIgniter\Debug\Exceptions->errorHandler(8, 'Undefined prope...', 'D:\\xampp\\htdocs...', 29, Array)
#1 D:\xampp\htdocs\Admin\system\View\View.php(246): include('D:\\xampp\\htdocs...')
#2 D:\xampp\htdocs\Admin\system\Common.php(1087): CodeIgniter\View\View->render('Admin/Kategori/...', Array, true)
#3 D:\xampp\htdocs\Admin\app\Views\Admin\Layout\Content.php(3): view('Admin/Kategori/...')
#4 D:\xampp\htdocs\Admin\system\View\View.php(246): include('D:\\xampp\\htdocs...')
#5 D:\xampp\htdocs\Admin\system\Common.php(1087): CodeIgniter\View\View->render('Admin/Layout/Co...', Array, true)
#6 D:\xampp\htdocs\Admin\app\Views\Admin\Layout\Wrapper.php(5): view('Admin/Layout/Co...')
#7 D:\xampp\htdocs\Admin\system\View\View.php(246): include('D:\\xampp\\htdocs...')
#8 D:\xampp\htdocs\Admin\system\Common.php(1087): CodeIgniter\View\View->render('Admin/Layout/Wr...', Array, true)
#9 D:\xampp\htdocs\Admin\app\Controllers\Kategori.php(21): view('Admin/Layout/Wr...', Array)
#10 D:\xampp\htdocs\Admin\system\CodeIgniter.php(914): App\Controllers\Kategori->index()
#11 D:\xampp\htdocs\Admin\system\CodeIgniter.php(400): CodeIgniter\CodeIgniter->runController(Object(App\Controllers\Kategori))
#12 D:\xampp\htdocs\Admin\system\CodeIgniter.php(308): CodeIgniter\CodeIgniter->handleRequest(NULL, Object(Config\Cache), false)
#13 D:\xampp\htdocs\Admin\public\index.php(45): CodeIgniter\CodeIgniter->run()
#14 {main}
CRITICAL - 2020-05-12 08:08:14 --> Undefined property: mysqli::$nama_kategori
#0 D:\xampp\htdocs\Admin\app\Views\Admin\Kategori\V_Kategori.php(29): CodeIgniter\Debug\Exceptions->errorHandler(8, 'Undefined prope...', 'D:\\xampp\\htdocs...', 29, Array)
#1 D:\xampp\htdocs\Admin\system\View\View.php(246): include('D:\\xampp\\htdocs...')
#2 D:\xampp\htdocs\Admin\system\Common.php(1087): CodeIgniter\View\View->render('Admin/Kategori/...', Array, true)
#3 D:\xampp\htdocs\Admin\app\Views\Admin\Layout\Content.php(3): view('Admin/Kategori/...')
#4 D:\xampp\htdocs\Admin\system\View\View.php(246): include('D:\\xampp\\htdocs...')
#5 D:\xampp\htdocs\Admin\system\Common.php(1087): CodeIgniter\View\View->render('Admin/Layout/Co...', Array, true)
#6 D:\xampp\htdocs\Admin\app\Views\Admin\Layout\Wrapper.php(5): view('Admin/Layout/Co...')
#7 D:\xampp\htdocs\Admin\system\View\View.php(246): include('D:\\xampp\\htdocs...')
#8 D:\xampp\htdocs\Admin\system\Common.php(1087): CodeIgniter\View\View->render('Admin/Layout/Wr...', Array, true)
#9 D:\xampp\htdocs\Admin\app\Controllers\Kategori.php(21): view('Admin/Layout/Wr...', Array)
#10 D:\xampp\htdocs\Admin\system\CodeIgniter.php(914): App\Controllers\Kategori->index()
#11 D:\xampp\htdocs\Admin\system\CodeIgniter.php(400): CodeIgniter\CodeIgniter->runController(Object(App\Controllers\Kategori))
#12 D:\xampp\htdocs\Admin\system\CodeIgniter.php(308): CodeIgniter\CodeIgniter->handleRequest(NULL, Object(Config\Cache), false)
#13 D:\xampp\htdocs\Admin\public\index.php(45): CodeIgniter\CodeIgniter->run()
#14 {main}
CRITICAL - 2020-05-12 08:08:20 --> Undefined property: mysqli::$nama_kategori
#0 D:\xampp\htdocs\Admin\app\Views\Admin\Kategori\V_Kategori.php(29): CodeIgniter\Debug\Exceptions->errorHandler(8, 'Undefined prope...', 'D:\\xampp\\htdocs...', 29, Array)
#1 D:\xampp\htdocs\Admin\system\View\View.php(246): include('D:\\xampp\\htdocs...')
#2 D:\xampp\htdocs\Admin\system\Common.php(1087): CodeIgniter\View\View->render('Admin/Kategori/...', Array, true)
#3 D:\xampp\htdocs\Admin\app\Views\Admin\Layout\Content.php(3): view('Admin/Kategori/...')
#4 D:\xampp\htdocs\Admin\system\View\View.php(246): include('D:\\xampp\\htdocs...')
#5 D:\xampp\htdocs\Admin\system\Common.php(1087): CodeIgniter\View\View->render('Admin/Layout/Co...', Array, true)
#6 D:\xampp\htdocs\Admin\app\Views\Admin\Layout\Wrapper.php(5): view('Admin/Layout/Co...')
#7 D:\xampp\htdocs\Admin\system\View\View.php(246): include('D:\\xampp\\htdocs...')
#8 D:\xampp\htdocs\Admin\system\Common.php(1087): CodeIgniter\View\View->render('Admin/Layout/Wr...', Array, true)
#9 D:\xampp\htdocs\Admin\app\Controllers\Kategori.php(21): view('Admin/Layout/Wr...', Array)
#10 D:\xampp\htdocs\Admin\system\CodeIgniter.php(914): App\Controllers\Kategori->index()
#11 D:\xampp\htdocs\Admin\system\CodeIgniter.php(400): CodeIgniter\CodeIgniter->runController(Object(App\Controllers\Kategori))
#12 D:\xampp\htdocs\Admin\system\CodeIgniter.php(308): CodeIgniter\CodeIgniter->handleRequest(NULL, Object(Config\Cache), false)
#13 D:\xampp\htdocs\Admin\public\index.php(45): CodeIgniter\CodeIgniter->run()
#14 {main}
CRITICAL - 2020-05-12 08:08:29 --> Undefined property: mysqli::$deskripsi
#0 D:\xampp\htdocs\Admin\app\Views\Admin\Kategori\V_Kategori.php(30): CodeIgniter\Debug\Exceptions->errorHandler(8, 'Undefined prope...', 'D:\\xampp\\htdocs...', 30, Array)
#1 D:\xampp\htdocs\Admin\system\View\View.php(246): include('D:\\xampp\\htdocs...')
#2 D:\xampp\htdocs\Admin\system\Common.php(1087): CodeIgniter\View\View->render('Admin/Kategori/...', Array, true)
#3 D:\xampp\htdocs\Admin\app\Views\Admin\Layout\Content.php(3): view('Admin/Kategori/...')
#4 D:\xampp\htdocs\Admin\system\View\View.php(246): include('D:\\xampp\\htdocs...')
#5 D:\xampp\htdocs\Admin\system\Common.php(1087): CodeIgniter\View\View->render('Admin/Layout/Co...', Array, true)
#6 D:\xampp\htdocs\Admin\app\Views\Admin\Layout\Wrapper.php(5): view('Admin/Layout/Co...')
#7 D:\xampp\htdocs\Admin\system\View\View.php(246): include('D:\\xampp\\htdocs...')
#8 D:\xampp\htdocs\Admin\system\Common.php(1087): CodeIgniter\View\View->render('Admin/Layout/Wr...', Array, true)
#9 D:\xampp\htdocs\Admin\app\Controllers\Kategori.php(21): view('Admin/Layout/Wr...', Array)
#10 D:\xampp\htdocs\Admin\system\CodeIgniter.php(914): App\Controllers\Kategori->index()
#11 D:\xampp\htdocs\Admin\system\CodeIgniter.php(400): CodeIgniter\CodeIgniter->runController(Object(App\Controllers\Kategori))
#12 D:\xampp\htdocs\Admin\system\CodeIgniter.php(308): CodeIgniter\CodeIgniter->handleRequest(NULL, Object(Config\Cache), false)
#13 D:\xampp\htdocs\Admin\public\index.php(45): CodeIgniter\CodeIgniter->run()
#14 {main}
CRITICAL - 2020-05-12 08:10:32 --> Undefined property: mysqli::$nama_kategori
#0 D:\xampp\htdocs\Admin\app\Views\Admin\Kategori\V_Kategori.php(29): CodeIgniter\Debug\Exceptions->errorHandler(8, 'Undefined prope...', 'D:\\xampp\\htdocs...', 29, Array)
#1 D:\xampp\htdocs\Admin\system\View\View.php(246): include('D:\\xampp\\htdocs...')
#2 D:\xampp\htdocs\Admin\system\Common.php(1087): CodeIgniter\View\View->render('Admin/Kategori/...', Array, true)
#3 D:\xampp\htdocs\Admin\app\Views\Admin\Layout\Content.php(3): view('Admin/Kategori/...')
#4 D:\xampp\htdocs\Admin\system\View\View.php(246): include('D:\\xampp\\htdocs...')
#5 D:\xampp\htdocs\Admin\system\Common.php(1087): CodeIgniter\View\View->render('Admin/Layout/Co...', Array, true)
#6 D:\xampp\htdocs\Admin\app\Views\Admin\Layout\Wrapper.php(5): view('Admin/Layout/Co...')
#7 D:\xampp\htdocs\Admin\system\View\View.php(246): include('D:\\xampp\\htdocs...')
#8 D:\xampp\htdocs\Admin\system\Common.php(1087): CodeIgniter\View\View->render('Admin/Layout/Wr...', Array, true)
#9 D:\xampp\htdocs\Admin\app\Controllers\Kategori.php(21): view('Admin/Layout/Wr...', Array)
#10 D:\xampp\htdocs\Admin\system\CodeIgniter.php(914): App\Controllers\Kategori->index()
#11 D:\xampp\htdocs\Admin\system\CodeIgniter.php(400): CodeIgniter\CodeIgniter->runController(Object(App\Controllers\Kategori))
#12 D:\xampp\htdocs\Admin\system\CodeIgniter.php(308): CodeIgniter\CodeIgniter->handleRequest(NULL, Object(Config\Cache), false)
#13 D:\xampp\htdocs\Admin\public\index.php(45): CodeIgniter\CodeIgniter->run()
#14 {main}
CRITICAL - 2020-05-12 08:10:46 --> Undefined property: mysqli::$nama_kategori
#0 D:\xampp\htdocs\Admin\app\Views\Admin\Kategori\V_Kategori.php(29): CodeIgniter\Debug\Exceptions->errorHandler(8, 'Undefined prope...', 'D:\\xampp\\htdocs...', 29, Array)
#1 D:\xampp\htdocs\Admin\system\View\View.php(246): include('D:\\xampp\\htdocs...')
#2 D:\xampp\htdocs\Admin\system\Common.php(1087): CodeIgniter\View\View->render('Admin/Kategori/...', Array, true)
#3 D:\xampp\htdocs\Admin\app\Views\Admin\Layout\Content.php(3): view('Admin/Kategori/...')
#4 D:\xampp\htdocs\Admin\system\View\View.php(246): include('D:\\xampp\\htdocs...')
#5 D:\xampp\htdocs\Admin\system\Common.php(1087): CodeIgniter\View\View->render('Admin/Layout/Co...', Array, true)
#6 D:\xampp\htdocs\Admin\app\Views\Admin\Layout\Wrapper.php(5): view('Admin/Layout/Co...')
#7 D:\xampp\htdocs\Admin\system\View\View.php(246): include('D:\\xampp\\htdocs...')
#8 D:\xampp\htdocs\Admin\system\Common.php(1087): CodeIgniter\View\View->render('Admin/Layout/Wr...', Array, true)
#9 D:\xampp\htdocs\Admin\app\Controllers\Kategori.php(21): view('Admin/Layout/Wr...', Array)
#10 D:\xampp\htdocs\Admin\system\CodeIgniter.php(914): App\Controllers\Kategori->index()
#11 D:\xampp\htdocs\Admin\system\CodeIgniter.php(400): CodeIgniter\CodeIgniter->runController(Object(App\Controllers\Kategori))
#12 D:\xampp\htdocs\Admin\system\CodeIgniter.php(308): CodeIgniter\CodeIgniter->handleRequest(NULL, Object(Config\Cache), false)
#13 D:\xampp\htdocs\Admin\public\index.php(45): CodeIgniter\CodeIgniter->run()
#14 {main}
CRITICAL - 2020-05-12 08:10:49 --> Undefined property: mysqli::$nama_kategori
#0 D:\xampp\htdocs\Admin\app\Views\Admin\Kategori\V_Kategori.php(29): CodeIgniter\Debug\Exceptions->errorHandler(8, 'Undefined prope...', 'D:\\xampp\\htdocs...', 29, Array)
#1 D:\xampp\htdocs\Admin\system\View\View.php(246): include('D:\\xampp\\htdocs...')
#2 D:\xampp\htdocs\Admin\system\Common.php(1087): CodeIgniter\View\View->render('Admin/Kategori/...', Array, true)
#3 D:\xampp\htdocs\Admin\app\Views\Admin\Layout\Content.php(3): view('Admin/Kategori/...')
#4 D:\xampp\htdocs\Admin\system\View\View.php(246): include('D:\\xampp\\htdocs...')
#5 D:\xampp\htdocs\Admin\system\Common.php(1087): CodeIgniter\View\View->render('Admin/Layout/Co...', Array, true)
#6 D:\xampp\htdocs\Admin\app\Views\Admin\Layout\Wrapper.php(5): view('Admin/Layout/Co...')
#7 D:\xampp\htdocs\Admin\system\View\View.php(246): include('D:\\xampp\\htdocs...')
#8 D:\xampp\htdocs\Admin\system\Common.php(1087): CodeIgniter\View\View->render('Admin/Layout/Wr...', Array, true)
#9 D:\xampp\htdocs\Admin\app\Controllers\Kategori.php(21): view('Admin/Layout/Wr...', Array)
#10 D:\xampp\htdocs\Admin\system\CodeIgniter.php(914): App\Controllers\Kategori->index()
#11 D:\xampp\htdocs\Admin\system\CodeIgniter.php(400): CodeIgniter\CodeIgniter->runController(Object(App\Controllers\Kategori))
#12 D:\xampp\htdocs\Admin\system\CodeIgniter.php(308): CodeIgniter\CodeIgniter->handleRequest(NULL, Object(Config\Cache), false)
#13 D:\xampp\htdocs\Admin\public\index.php(45): CodeIgniter\CodeIgniter->run()
#14 {main}
CRITICAL - 2020-05-12 08:44:33 --> syntax error, unexpected '=', expecting ')'
#0 D:\xampp\htdocs\Admin\system\Router\Router.php(192): CodeIgniter\Router\Router->autoRoute('Kategori')
#1 D:\xampp\htdocs\Admin\system\CodeIgniter.php(789): CodeIgniter\Router\Router->handle('Kategori')
#2 D:\xampp\htdocs\Admin\system\CodeIgniter.php(360): CodeIgniter\CodeIgniter->tryToRouteIt(Object(CodeIgniter\Router\RouteCollection))
#3 D:\xampp\htdocs\Admin\system\CodeIgniter.php(308): CodeIgniter\CodeIgniter->handleRequest(NULL, Object(Config\Cache), false)
#4 D:\xampp\htdocs\Admin\public\index.php(45): CodeIgniter\CodeIgniter->run()
#5 {main}
CRITICAL - 2020-05-12 08:44:59 --> syntax error, unexpected end of file, expecting function (T_FUNCTION) or const (T_CONST)
#0 D:\xampp\htdocs\Admin\system\Router\Router.php(192): CodeIgniter\Router\Router->autoRoute('Kategori')
#1 D:\xampp\htdocs\Admin\system\CodeIgniter.php(789): CodeIgniter\Router\Router->handle('Kategori')
#2 D:\xampp\htdocs\Admin\system\CodeIgniter.php(360): CodeIgniter\CodeIgniter->tryToRouteIt(Object(CodeIgniter\Router\RouteCollection))
#3 D:\xampp\htdocs\Admin\system\CodeIgniter.php(308): CodeIgniter\CodeIgniter->handleRequest(NULL, Object(Config\Cache), false)
#4 D:\xampp\htdocs\Admin\public\index.php(45): CodeIgniter\CodeIgniter->run()
#5 {main}
CRITICAL - 2020-05-12 08:46:40 --> Undefined variable: file
#0 D:\xampp\htdocs\Admin\app\Controllers\Kategori.php(25): CodeIgniter\Debug\Exceptions->errorHandler(8, 'Undefined varia...', 'D:\\xampp\\htdocs...', 25, Array)
#1 D:\xampp\htdocs\Admin\system\CodeIgniter.php(914): App\Controllers\Kategori->addKategori()
#2 D:\xampp\htdocs\Admin\system\CodeIgniter.php(400): CodeIgniter\CodeIgniter->runController(Object(App\Controllers\Kategori))
#3 D:\xampp\htdocs\Admin\system\CodeIgniter.php(308): CodeIgniter\CodeIgniter->handleRequest(NULL, Object(Config\Cache), false)
#4 D:\xampp\htdocs\Admin\public\index.php(45): CodeIgniter\CodeIgniter->run()
#5 {main}
CRITICAL - 2020-05-12 08:47:05 --> Undefined property: App\Controllers\Kategori::$M_Kategori
#0 D:\xampp\htdocs\Admin\app\Controllers\Kategori.php(37): CodeIgniter\Debug\Exceptions->errorHandler(8, 'Undefined prope...', 'D:\\xampp\\htdocs...', 37, Array)
#1 D:\xampp\htdocs\Admin\system\CodeIgniter.php(914): App\Controllers\Kategori->addKategori()
#2 D:\xampp\htdocs\Admin\system\CodeIgniter.php(400): CodeIgniter\CodeIgniter->runController(Object(App\Controllers\Kategori))
#3 D:\xampp\htdocs\Admin\system\CodeIgniter.php(308): CodeIgniter\CodeIgniter->handleRequest(NULL, Object(Config\Cache), false)
#4 D:\xampp\htdocs\Admin\public\index.php(45): CodeIgniter\CodeIgniter->run()
#5 {main}
CRITICAL - 2020-05-12 08:47:40 --> syntax error, unexpected '->' (T_OBJECT_OPERATOR)
#0 D:\xampp\htdocs\Admin\system\Router\Router.php(192): CodeIgniter\Router\Router->autoRoute('Kategori/AddKat...')
#1 D:\xampp\htdocs\Admin\system\CodeIgniter.php(789): CodeIgniter\Router\Router->handle('Kategori/AddKat...')
#2 D:\xampp\htdocs\Admin\system\CodeIgniter.php(360): CodeIgniter\CodeIgniter->tryToRouteIt(Object(CodeIgniter\Router\RouteCollection))
#3 D:\xampp\htdocs\Admin\system\CodeIgniter.php(308): CodeIgniter\CodeIgniter->handleRequest(NULL, Object(Config\Cache), false)
#4 D:\xampp\htdocs\Admin\public\index.php(45): CodeIgniter\CodeIgniter->run()
#5 {main}
CRITICAL - 2020-05-12 08:48:42 --> Trying to get property 'id_kategori' of non-object
#0 D:\xampp\htdocs\Admin\app\Controllers\Kategori.php(40): CodeIgniter\Debug\Exceptions->errorHandler(8, 'Trying to get p...', 'D:\\xampp\\htdocs...', 40, Array)
#1 D:\xampp\htdocs\Admin\system\CodeIgniter.php(914): App\Controllers\Kategori->addKategori()
#2 D:\xampp\htdocs\Admin\system\CodeIgniter.php(400): CodeIgniter\CodeIgniter->runController(Object(App\Controllers\Kategori))
#3 D:\xampp\htdocs\Admin\system\CodeIgniter.php(308): CodeIgniter\CodeIgniter->handleRequest(NULL, Object(Config\Cache), false)
#4 D:\xampp\htdocs\Admin\public\index.php(45): CodeIgniter\CodeIgniter->run()
#5 {main}
CRITICAL - 2020-05-12 08:49:33 --> Call to undefined method CodeIgniter\Database\MySQLi\Connection::insert()
#0 D:\xampp\htdocs\Admin\app\Controllers\Kategori.php(51): App\Models\M_kategori->saveKategori(Array)
#1 D:\xampp\htdocs\Admin\system\CodeIgniter.php(914): App\Controllers\Kategori->addKategori()
#2 D:\xampp\htdocs\Admin\system\CodeIgniter.php(400): CodeIgniter\CodeIgniter->runController(Object(App\Controllers\Kategori))
#3 D:\xampp\htdocs\Admin\system\CodeIgniter.php(308): CodeIgniter\CodeIgniter->handleRequest(NULL, Object(Config\Cache), false)
#4 D:\xampp\htdocs\Admin\public\index.php(45): CodeIgniter\CodeIgniter->run()
#5 {main}
CRITICAL - 2020-05-12 08:50:17 --> Call to a member function query() on null
#0 D:\xampp\htdocs\Admin\app\Controllers\Kategori.php(39): App\Models\M_kategori->getLastId('id_kategori', 't_kategori')
#1 D:\xampp\htdocs\Admin\system\CodeIgniter.php(914): App\Controllers\Kategori->addKategori()
#2 D:\xampp\htdocs\Admin\system\CodeIgniter.php(400): CodeIgniter\CodeIgniter->runController(Object(App\Controllers\Kategori))
#3 D:\xampp\htdocs\Admin\system\CodeIgniter.php(308): CodeIgniter\CodeIgniter->handleRequest(NULL, Object(Config\Cache), false)
#4 D:\xampp\htdocs\Admin\public\index.php(45): CodeIgniter\CodeIgniter->run()
#5 {main}
CRITICAL - 2020-05-12 08:55:19 --> syntax error, unexpected ','
#0 D:\xampp\htdocs\Admin\system\Autoloader\Autoloader.php(296): CodeIgniter\Autoloader\Autoloader->requireFile('D:\\xampp\\htdocs...')
#1 D:\xampp\htdocs\Admin\system\Autoloader\Autoloader.php(258): CodeIgniter\Autoloader\Autoloader->loadInNamespace('App\\Models\\M_Ka...')
#2 [internal function]: CodeIgniter\Autoloader\Autoloader->loadClass('App\\Models\\M_Ka...')
#3 D:\xampp\htdocs\Admin\app\Controllers\Kategori.php(11): spl_autoload_call('App\\Models\\M_Ka...')
#4 D:\xampp\htdocs\Admin\system\CodeIgniter.php(886): App\Controllers\Kategori->__construct()
#5 D:\xampp\htdocs\Admin\system\CodeIgniter.php(395): CodeIgniter\CodeIgniter->createController()
#6 D:\xampp\htdocs\Admin\system\CodeIgniter.php(308): CodeIgniter\CodeIgniter->handleRequest(NULL, Object(Config\Cache), false)
#7 D:\xampp\htdocs\Admin\public\index.php(45): CodeIgniter\CodeIgniter->run()
#8 {main}
CRITICAL - 2020-05-12 08:56:33 --> syntax error, unexpected ','
#0 D:\xampp\htdocs\Admin\system\Autoloader\Autoloader.php(296): CodeIgniter\Autoloader\Autoloader->requireFile('D:\\xampp\\htdocs...')
#1 D:\xampp\htdocs\Admin\system\Autoloader\Autoloader.php(258): CodeIgniter\Autoloader\Autoloader->loadInNamespace('App\\Models\\M_Ka...')
#2 [internal function]: CodeIgniter\Autoloader\Autoloader->loadClass('App\\Models\\M_Ka...')
#3 D:\xampp\htdocs\Admin\app\Controllers\Kategori.php(11): spl_autoload_call('App\\Models\\M_Ka...')
#4 D:\xampp\htdocs\Admin\system\CodeIgniter.php(886): App\Controllers\Kategori->__construct()
#5 D:\xampp\htdocs\Admin\system\CodeIgniter.php(395): CodeIgniter\CodeIgniter->createController()
#6 D:\xampp\htdocs\Admin\system\CodeIgniter.php(308): CodeIgniter\CodeIgniter->handleRequest(NULL, Object(Config\Cache), false)
#7 D:\xampp\htdocs\Admin\public\index.php(45): CodeIgniter\CodeIgniter->run()
#8 {main}
CRITICAL - 2020-05-12 08:56:42 --> Too few arguments to function App\Models\M_kategori::getLastId(), 0 passed in D:\xampp\htdocs\Admin\app\Controllers\Kategori.php on line 39 and exactly 2 expected
#0 D:\xampp\htdocs\Admin\app\Controllers\Kategori.php(39): App\Models\M_kategori->getLastId()
#1 D:\xampp\htdocs\Admin\system\CodeIgniter.php(914): App\Controllers\Kategori->addKategori()
#2 D:\xampp\htdocs\Admin\system\CodeIgniter.php(400): CodeIgniter\CodeIgniter->runController(Object(App\Controllers\Kategori))
#3 D:\xampp\htdocs\Admin\system\CodeIgniter.php(308): CodeIgniter\CodeIgniter->handleRequest(NULL, Object(Config\Cache), false)
#4 D:\xampp\htdocs\Admin\public\index.php(45): CodeIgniter\CodeIgniter->run()
#5 {main}
CRITICAL - 2020-05-12 08:56:50 --> Undefined variable: builder
#0 D:\xampp\htdocs\Admin\app\Models\M_Kategori.php(24): CodeIgniter\Debug\Exceptions->errorHandler(8, 'Undefined varia...', 'D:\\xampp\\htdocs...', 24, Array)
#1 D:\xampp\htdocs\Admin\app\Controllers\Kategori.php(39): App\Models\M_kategori->getLastId()
#2 D:\xampp\htdocs\Admin\system\CodeIgniter.php(914): App\Controllers\Kategori->addKategori()
#3 D:\xampp\htdocs\Admin\system\CodeIgniter.php(400): CodeIgniter\CodeIgniter->runController(Object(App\Controllers\Kategori))
#4 D:\xampp\htdocs\Admin\system\CodeIgniter.php(308): CodeIgniter\CodeIgniter->handleRequest(NULL, Object(Config\Cache), false)
#5 D:\xampp\htdocs\Admin\public\index.php(45): CodeIgniter\CodeIgniter->run()
#6 {main}
CRITICAL - 2020-05-12 08:57:32 --> Call to a member function table() on null
#0 D:\xampp\htdocs\Admin\app\Controllers\Kategori.php(39): App\Models\M_kategori->getLastId()
#1 D:\xampp\htdocs\Admin\system\CodeIgniter.php(914): App\Controllers\Kategori->addKategori()
#2 D:\xampp\htdocs\Admin\system\CodeIgniter.php(400): CodeIgniter\CodeIgniter->runController(Object(App\Controllers\Kategori))
#3 D:\xampp\htdocs\Admin\system\CodeIgniter.php(308): CodeIgniter\CodeIgniter->handleRequest(NULL, Object(Config\Cache), false)
#4 D:\xampp\htdocs\Admin\public\index.php(45): CodeIgniter\CodeIgniter->run()
#5 {main}
CRITICAL - 2020-05-12 08:58:44 --> Undefined variable: builder
#0 D:\xampp\htdocs\Admin\app\Models\M_Kategori.php(24): CodeIgniter\Debug\Exceptions->errorHandler(8, 'Undefined varia...', 'D:\\xampp\\htdocs...', 24, Array)
#1 D:\xampp\htdocs\Admin\app\Controllers\Kategori.php(39): App\Models\M_kategori->getLastId()
#2 D:\xampp\htdocs\Admin\system\CodeIgniter.php(914): App\Controllers\Kategori->addKategori()
#3 D:\xampp\htdocs\Admin\system\CodeIgniter.php(400): CodeIgniter\CodeIgniter->runController(Object(App\Controllers\Kategori))
#4 D:\xampp\htdocs\Admin\system\CodeIgniter.php(308): CodeIgniter\CodeIgniter->handleRequest(NULL, Object(Config\Cache), false)
#5 D:\xampp\htdocs\Admin\public\index.php(45): CodeIgniter\CodeIgniter->run()
#6 {main}
CRITICAL - 2020-05-12 09:00:13 --> Call to a member function table() on null
#0 D:\xampp\htdocs\Admin\app\Controllers\Kategori.php(39): App\Models\M_kategori->getLastId()
#1 D:\xampp\htdocs\Admin\system\CodeIgniter.php(914): App\Controllers\Kategori->addKategori()
#2 D:\xampp\htdocs\Admin\system\CodeIgniter.php(400): CodeIgniter\CodeIgniter->runController(Object(App\Controllers\Kategori))
#3 D:\xampp\htdocs\Admin\system\CodeIgniter.php(308): CodeIgniter\CodeIgniter->handleRequest(NULL, Object(Config\Cache), false)
#4 D:\xampp\htdocs\Admin\public\index.php(45): CodeIgniter\CodeIgniter->run()
#5 {main}
CRITICAL - 2020-05-12 09:01:02 --> Call to a member function select() on null
#0 D:\xampp\htdocs\Admin\app\Controllers\Kategori.php(39): App\Models\M_kategori->getLastId()
#1 D:\xampp\htdocs\Admin\system\CodeIgniter.php(914): App\Controllers\Kategori->addKategori()
#2 D:\xampp\htdocs\Admin\system\CodeIgniter.php(400): CodeIgniter\CodeIgniter->runController(Object(App\Controllers\Kategori))
#3 D:\xampp\htdocs\Admin\system\CodeIgniter.php(308): CodeIgniter\CodeIgniter->handleRequest(NULL, Object(Config\Cache), false)
#4 D:\xampp\htdocs\Admin\public\index.php(45): CodeIgniter\CodeIgniter->run()
#5 {main}
CRITICAL - 2020-05-12 09:03:16 --> Call to a member function select() on null
#0 D:\xampp\htdocs\Admin\app\Controllers\Kategori.php(39): App\Models\M_kategori->getLastId()
#1 D:\xampp\htdocs\Admin\system\CodeIgniter.php(914): App\Controllers\Kategori->addKategori()
#2 D:\xampp\htdocs\Admin\system\CodeIgniter.php(400): CodeIgniter\CodeIgniter->runController(Object(App\Controllers\Kategori))
#3 D:\xampp\htdocs\Admin\system\CodeIgniter.php(308): CodeIgniter\CodeIgniter->handleRequest(NULL, Object(Config\Cache), false)
#4 D:\xampp\htdocs\Admin\public\index.php(45): CodeIgniter\CodeIgniter->run()
#5 {main}
CRITICAL - 2020-05-12 09:03:52 --> Call to a member function table() on null
#0 D:\xampp\htdocs\Admin\app\Controllers\Kategori.php(39): App\Models\M_kategori->getLastId()
#1 D:\xampp\htdocs\Admin\system\CodeIgniter.php(914): App\Controllers\Kategori->addKategori()
#2 D:\xampp\htdocs\Admin\system\CodeIgniter.php(400): CodeIgniter\CodeIgniter->runController(Object(App\Controllers\Kategori))
#3 D:\xampp\htdocs\Admin\system\CodeIgniter.php(308): CodeIgniter\CodeIgniter->handleRequest(NULL, Object(Config\Cache), false)
#4 D:\xampp\htdocs\Admin\public\index.php(45): CodeIgniter\CodeIgniter->run()
#5 {main}
CRITICAL - 2020-05-12 09:07:00 --> Call to a member function table() on null
#0 D:\xampp\htdocs\Admin\app\Controllers\Kategori.php(39): App\Models\M_kategori->getLastId()
#1 D:\xampp\htdocs\Admin\system\CodeIgniter.php(914): App\Controllers\Kategori->addKategori()
#2 D:\xampp\htdocs\Admin\system\CodeIgniter.php(400): CodeIgniter\CodeIgniter->runController(Object(App\Controllers\Kategori))
#3 D:\xampp\htdocs\Admin\system\CodeIgniter.php(308): CodeIgniter\CodeIgniter->handleRequest(NULL, Object(Config\Cache), false)
#4 D:\xampp\htdocs\Admin\public\index.php(45): CodeIgniter\CodeIgniter->run()
#5 {main}
CRITICAL - 2020-05-12 09:07:21 --> Call to a member function select() on null
#0 D:\xampp\htdocs\Admin\app\Controllers\Kategori.php(39): App\Models\M_kategori->getLastId()
#1 D:\xampp\htdocs\Admin\system\CodeIgniter.php(914): App\Controllers\Kategori->addKategori()
#2 D:\xampp\htdocs\Admin\system\CodeIgniter.php(400): CodeIgniter\CodeIgniter->runController(Object(App\Controllers\Kategori))
#3 D:\xampp\htdocs\Admin\system\CodeIgniter.php(308): CodeIgniter\CodeIgniter->handleRequest(NULL, Object(Config\Cache), false)
#4 D:\xampp\htdocs\Admin\public\index.php(45): CodeIgniter\CodeIgniter->run()
#5 {main}
CRITICAL - 2020-05-12 09:07:53 --> Call to a member function orderBy() on null
#0 D:\xampp\htdocs\Admin\app\Controllers\Kategori.php(39): App\Models\M_kategori->getLastId()
#1 D:\xampp\htdocs\Admin\system\CodeIgniter.php(914): App\Controllers\Kategori->addKategori()
#2 D:\xampp\htdocs\Admin\system\CodeIgniter.php(400): CodeIgniter\CodeIgniter->runController(Object(App\Controllers\Kategori))
#3 D:\xampp\htdocs\Admin\system\CodeIgniter.php(308): CodeIgniter\CodeIgniter->handleRequest(NULL, Object(Config\Cache), false)
#4 D:\xampp\htdocs\Admin\public\index.php(45): CodeIgniter\CodeIgniter->run()
#5 {main}
CRITICAL - 2020-05-12 09:09:14 --> Call to a member function select() on null
#0 D:\xampp\htdocs\Admin\app\Controllers\Kategori.php(39): App\Models\M_kategori->getLastId()
#1 D:\xampp\htdocs\Admin\system\CodeIgniter.php(914): App\Controllers\Kategori->addKategori()
#2 D:\xampp\htdocs\Admin\system\CodeIgniter.php(400): CodeIgniter\CodeIgniter->runController(Object(App\Controllers\Kategori))
#3 D:\xampp\htdocs\Admin\system\CodeIgniter.php(308): CodeIgniter\CodeIgniter->handleRequest(NULL, Object(Config\Cache), false)
#4 D:\xampp\htdocs\Admin\public\index.php(45): CodeIgniter\CodeIgniter->run()
#5 {main}
CRITICAL - 2020-05-12 09:09:48 --> Call to a member function table() on null
#0 D:\xampp\htdocs\Admin\app\Controllers\Kategori.php(39): App\Models\M_kategori->getLastId()
#1 D:\xampp\htdocs\Admin\system\CodeIgniter.php(914): App\Controllers\Kategori->addKategori()
#2 D:\xampp\htdocs\Admin\system\CodeIgniter.php(400): CodeIgniter\CodeIgniter->runController(Object(App\Controllers\Kategori))
#3 D:\xampp\htdocs\Admin\system\CodeIgniter.php(308): CodeIgniter\CodeIgniter->handleRequest(NULL, Object(Config\Cache), false)
#4 D:\xampp\htdocs\Admin\public\index.php(45): CodeIgniter\CodeIgniter->run()
#5 {main}
CRITICAL - 2020-05-12 09:13:34 --> Undefined variable: kategori
#0 D:\xampp\htdocs\Admin\app\Models\M_Kategori.php(25): CodeIgniter\Debug\Exceptions->errorHandler(8, 'Undefined varia...', 'D:\\xampp\\htdocs...', 25, Array)
#1 D:\xampp\htdocs\Admin\app\Controllers\Kategori.php(39): App\Models\M_kategori->getLastId()
#2 D:\xampp\htdocs\Admin\system\CodeIgniter.php(914): App\Controllers\Kategori->addKategori()
#3 D:\xampp\htdocs\Admin\system\CodeIgniter.php(400): CodeIgniter\CodeIgniter->runController(Object(App\Controllers\Kategori))
#4 D:\xampp\htdocs\Admin\system\CodeIgniter.php(308): CodeIgniter\CodeIgniter->handleRequest(NULL, Object(Config\Cache), false)
#5 D:\xampp\htdocs\Admin\public\index.php(45): CodeIgniter\CodeIgniter->run()
#6 {main}
CRITICAL - 2020-05-12 09:13:51 --> Call to a member function select() on null
#0 D:\xampp\htdocs\Admin\app\Controllers\Kategori.php(39): App\Models\M_kategori->getLastId()
#1 D:\xampp\htdocs\Admin\system\CodeIgniter.php(914): App\Controllers\Kategori->addKategori()
#2 D:\xampp\htdocs\Admin\system\CodeIgniter.php(400): CodeIgniter\CodeIgniter->runController(Object(App\Controllers\Kategori))
#3 D:\xampp\htdocs\Admin\system\CodeIgniter.php(308): CodeIgniter\CodeIgniter->handleRequest(NULL, Object(Config\Cache), false)
#4 D:\xampp\htdocs\Admin\public\index.php(45): CodeIgniter\CodeIgniter->run()
#5 {main}
CRITICAL - 2020-05-12 09:14:08 --> Call to a member function select() on null
#0 D:\xampp\htdocs\Admin\app\Controllers\Kategori.php(39): App\Models\M_kategori->getLastId()
#1 D:\xampp\htdocs\Admin\system\CodeIgniter.php(914): App\Controllers\Kategori->addKategori()
#2 D:\xampp\htdocs\Admin\system\CodeIgniter.php(400): CodeIgniter\CodeIgniter->runController(Object(App\Controllers\Kategori))
#3 D:\xampp\htdocs\Admin\system\CodeIgniter.php(308): CodeIgniter\CodeIgniter->handleRequest(NULL, Object(Config\Cache), false)
#4 D:\xampp\htdocs\Admin\public\index.php(45): CodeIgniter\CodeIgniter->run()
#5 {main}
CRITICAL - 2020-05-12 09:14:32 --> Call to a member function select() on null
#0 D:\xampp\htdocs\Admin\app\Controllers\Kategori.php(39): App\Models\M_kategori->getLastId()
#1 D:\xampp\htdocs\Admin\system\CodeIgniter.php(914): App\Controllers\Kategori->addKategori()
#2 D:\xampp\htdocs\Admin\system\CodeIgniter.php(400): CodeIgniter\CodeIgniter->runController(Object(App\Controllers\Kategori))
#3 D:\xampp\htdocs\Admin\system\CodeIgniter.php(308): CodeIgniter\CodeIgniter->handleRequest(NULL, Object(Config\Cache), false)
#4 D:\xampp\htdocs\Admin\public\index.php(45): CodeIgniter\CodeIgniter->run()
#5 {main}
CRITICAL - 2020-05-12 09:15:27 --> Call to a member function select() on null
#0 D:\xampp\htdocs\Admin\app\Controllers\Kategori.php(39): App\Models\M_kategori->getLastId()
#1 D:\xampp\htdocs\Admin\system\CodeIgniter.php(914): App\Controllers\Kategori->addKategori()
#2 D:\xampp\htdocs\Admin\system\CodeIgniter.php(400): CodeIgniter\CodeIgniter->runController(Object(App\Controllers\Kategori))
#3 D:\xampp\htdocs\Admin\system\CodeIgniter.php(308): CodeIgniter\CodeIgniter->handleRequest(NULL, Object(Config\Cache), false)
#4 D:\xampp\htdocs\Admin\public\index.php(45): CodeIgniter\CodeIgniter->run()
#5 {main}
CRITICAL - 2020-05-12 09:16:10 --> Call to a member function table() on null
#0 D:\xampp\htdocs\Admin\app\Controllers\Kategori.php(17): App\Models\M_kategori->getKategori()
#1 D:\xampp\htdocs\Admin\system\CodeIgniter.php(914): App\Controllers\Kategori->index()
#2 D:\xampp\htdocs\Admin\system\CodeIgniter.php(400): CodeIgniter\CodeIgniter->runController(Object(App\Controllers\Kategori))
#3 D:\xampp\htdocs\Admin\system\CodeIgniter.php(308): CodeIgniter\CodeIgniter->handleRequest(NULL, Object(Config\Cache), false)
#4 D:\xampp\htdocs\Admin\public\index.php(45): CodeIgniter\CodeIgniter->run()
#5 {main}
CRITICAL - 2020-05-12 09:16:15 --> Call to a member function table() on null
#0 D:\xampp\htdocs\Admin\app\Controllers\Kategori.php(17): App\Models\M_kategori->getKategori()
#1 D:\xampp\htdocs\Admin\system\CodeIgniter.php(914): App\Controllers\Kategori->index()
#2 D:\xampp\htdocs\Admin\system\CodeIgniter.php(400): CodeIgniter\CodeIgniter->runController(Object(App\Controllers\Kategori))
#3 D:\xampp\htdocs\Admin\system\CodeIgniter.php(308): CodeIgniter\CodeIgniter->handleRequest(NULL, Object(Config\Cache), false)
#4 D:\xampp\htdocs\Admin\public\index.php(45): CodeIgniter\CodeIgniter->run()
#5 {main}
CRITICAL - 2020-05-12 09:16:44 --> Call to a member function table() on null
#0 D:\xampp\htdocs\Admin\app\Controllers\Kategori.php(17): App\Models\M_kategori->getKategori()
#1 D:\xampp\htdocs\Admin\system\CodeIgniter.php(914): App\Controllers\Kategori->index()
#2 D:\xampp\htdocs\Admin\system\CodeIgniter.php(400): CodeIgniter\CodeIgniter->runController(Object(App\Controllers\Kategori))
#3 D:\xampp\htdocs\Admin\system\CodeIgniter.php(308): CodeIgniter\CodeIgniter->handleRequest(NULL, Object(Config\Cache), false)
#4 D:\xampp\htdocs\Admin\public\index.php(45): CodeIgniter\CodeIgniter->run()
#5 {main}
CRITICAL - 2020-05-12 09:17:57 --> Call to undefined method CodeIgniter\Database\MySQLi\Connection::select()
#0 D:\xampp\htdocs\Admin\app\Controllers\Kategori.php(39): App\Models\M_kategori->getLastId()
#1 D:\xampp\htdocs\Admin\system\CodeIgniter.php(914): App\Controllers\Kategori->addKategori()
#2 D:\xampp\htdocs\Admin\system\CodeIgniter.php(400): CodeIgniter\CodeIgniter->runController(Object(App\Controllers\Kategori))
#3 D:\xampp\htdocs\Admin\system\CodeIgniter.php(308): CodeIgniter\CodeIgniter->handleRequest(NULL, Object(Config\Cache), false)
#4 D:\xampp\htdocs\Admin\public\index.php(45): CodeIgniter\CodeIgniter->run()
#5 {main}
CRITICAL - 2020-05-12 09:22:35 --> Call to undefined method CodeIgniter\Database\MySQLi\Result::get()
#0 D:\xampp\htdocs\Admin\app\Controllers\Kategori.php(39): App\Models\M_kategori->getLastId()
#1 D:\xampp\htdocs\Admin\system\CodeIgniter.php(914): App\Controllers\Kategori->addKategori()
#2 D:\xampp\htdocs\Admin\system\CodeIgniter.php(400): CodeIgniter\CodeIgniter->runController(Object(App\Controllers\Kategori))
#3 D:\xampp\htdocs\Admin\system\CodeIgniter.php(308): CodeIgniter\CodeIgniter->handleRequest(NULL, Object(Config\Cache), false)
#4 D:\xampp\htdocs\Admin\public\index.php(45): CodeIgniter\CodeIgniter->run()
#5 {main}
CRITICAL - 2020-05-12 09:22:48 --> Call to undefined method CodeIgniter\Database\MySQLi\Connection::insert()
#0 D:\xampp\htdocs\Admin\app\Controllers\Kategori.php(51): App\Models\M_kategori->saveKategori(Array)
#1 D:\xampp\htdocs\Admin\system\CodeIgniter.php(914): App\Controllers\Kategori->addKategori()
#2 D:\xampp\htdocs\Admin\system\CodeIgniter.php(400): CodeIgniter\CodeIgniter->runController(Object(App\Controllers\Kategori))
#3 D:\xampp\htdocs\Admin\system\CodeIgniter.php(308): CodeIgniter\CodeIgniter->handleRequest(NULL, Object(Config\Cache), false)
#4 D:\xampp\htdocs\Admin\public\index.php(45): CodeIgniter\CodeIgniter->run()
#5 {main}
CRITICAL - 2020-05-12 09:23:58 --> syntax error, unexpected '(', expecting identifier (T_STRING) or variable (T_VARIABLE) or '{' or '$'
#0 D:\xampp\htdocs\Admin\system\Autoloader\Autoloader.php(296): CodeIgniter\Autoloader\Autoloader->requireFile('D:\\xampp\\htdocs...')
#1 D:\xampp\htdocs\Admin\system\Autoloader\Autoloader.php(258): CodeIgniter\Autoloader\Autoloader->loadInNamespace('App\\Models\\M_Ka...')
#2 [internal function]: CodeIgniter\Autoloader\Autoloader->loadClass('App\\Models\\M_Ka...')
#3 D:\xampp\htdocs\Admin\app\Controllers\Kategori.php(11): spl_autoload_call('App\\Models\\M_Ka...')
#4 D:\xampp\htdocs\Admin\system\CodeIgniter.php(886): App\Controllers\Kategori->__construct()
#5 D:\xampp\htdocs\Admin\system\CodeIgniter.php(395): CodeIgniter\CodeIgniter->createController()
#6 D:\xampp\htdocs\Admin\system\CodeIgniter.php(308): CodeIgniter\CodeIgniter->handleRequest(NULL, Object(Config\Cache), false)
#7 D:\xampp\htdocs\Admin\public\index.php(45): CodeIgniter\CodeIgniter->run()
#8 {main}
CRITICAL - 2020-05-12 09:26:50 --> Call to a member function query() on null
#0 D:\xampp\htdocs\Admin\app\Controllers\Kategori.php(39): App\Models\M_kategori->getLastId()
#1 D:\xampp\htdocs\Admin\system\CodeIgniter.php(914): App\Controllers\Kategori->addKategori()
#2 D:\xampp\htdocs\Admin\system\CodeIgniter.php(400): CodeIgniter\CodeIgniter->runController(Object(App\Controllers\Kategori))
#3 D:\xampp\htdocs\Admin\system\CodeIgniter.php(308): CodeIgniter\CodeIgniter->handleRequest(NULL, Object(Config\Cache), false)
#4 D:\xampp\htdocs\Admin\public\index.php(45): CodeIgniter\CodeIgniter->run()
#5 {main}
