CRITICAL - 2020-05-10 01:29:15 --> Cannot redeclare App\Controllers\Home::index()
#0 [internal function]: CodeIgniter\Debug\Exceptions->shutdownHandler()
#1 {main}
CRITICAL - 2020-05-10 01:57:16 --> Cannot redeclare App\Models\M_Home::get_banner()
#0 [internal function]: CodeIgniter\Debug\Exceptions->shutdownHandler()
#1 {main}
CRITICAL - 2020-05-10 01:57:30 --> Trying to get property 'nama_perusahaan' of non-object
#0 C:\xampp\htdocs\Admin\app\Views\Frontend\V_Home.php(71): CodeIgniter\Debug\Exceptions->errorHandler(8, 'Trying to get p...', 'C:\\xampp\\htdocs...', 71, Array)
#1 C:\xampp\htdocs\Admin\system\View\View.php(246): include('C:\\xampp\\htdocs...')
#2 C:\xampp\htdocs\Admin\system\Common.php(1087): CodeIgniter\View\View->render('Frontend/V_Home', Array, true)
#3 C:\xampp\htdocs\Admin\app\Views\Frontend\Layout\Content.php(3): view('Frontend/V_Home')
#4 C:\xampp\htdocs\Admin\system\View\View.php(246): include('C:\\xampp\\htdocs...')
#5 C:\xampp\htdocs\Admin\system\Common.php(1087): CodeIgniter\View\View->render('Frontend/Layout...', Array, true)
#6 C:\xampp\htdocs\Admin\app\Views\Frontend\Layout\Wrapper.php(4): view('Frontend/Layout...')
#7 C:\xampp\htdocs\Admin\system\View\View.php(246): include('C:\\xampp\\htdocs...')
#8 C:\xampp\htdocs\Admin\system\Common.php(1087): CodeIgniter\View\View->render('Frontend/Layout...', Array, true)
#9 C:\xampp\htdocs\Admin\app\Controllers\Home.php(20): view('Frontend/Layout...', Array)
#10 C:\xampp\htdocs\Admin\system\CodeIgniter.php(914): App\Controllers\Home->index()
#11 C:\xampp\htdocs\Admin\system\CodeIgniter.php(400): CodeIgniter\CodeIgniter->runController(Object(App\Controllers\Home))
#12 C:\xampp\htdocs\Admin\system\CodeIgniter.php(308): CodeIgniter\CodeIgniter->handleRequest(NULL, Object(Config\Cache), false)
#13 C:\xampp\htdocs\Admin\public\index.php(45): CodeIgniter\CodeIgniter->run()
#14 {main}
CRITICAL - 2020-05-10 01:57:52 --> Trying to get property 'nama_perusahaan' of non-object
#0 C:\xampp\htdocs\Admin\app\Views\Frontend\V_Home.php(71): CodeIgniter\Debug\Exceptions->errorHandler(8, 'Trying to get p...', 'C:\\xampp\\htdocs...', 71, Array)
#1 C:\xampp\htdocs\Admin\system\View\View.php(246): include('C:\\xampp\\htdocs...')
#2 C:\xampp\htdocs\Admin\system\Common.php(1087): CodeIgniter\View\View->render('Frontend/V_Home', Array, true)
#3 C:\xampp\htdocs\Admin\app\Views\Frontend\Layout\Content.php(3): view('Frontend/V_Home')
#4 C:\xampp\htdocs\Admin\system\View\View.php(246): include('C:\\xampp\\htdocs...')
#5 C:\xampp\htdocs\Admin\system\Common.php(1087): CodeIgniter\View\View->render('Frontend/Layout...', Array, true)
#6 C:\xampp\htdocs\Admin\app\Views\Frontend\Layout\Wrapper.php(4): view('Frontend/Layout...')
#7 C:\xampp\htdocs\Admin\system\View\View.php(246): include('C:\\xampp\\htdocs...')
#8 C:\xampp\htdocs\Admin\system\Common.php(1087): CodeIgniter\View\View->render('Frontend/Layout...', Array, true)
#9 C:\xampp\htdocs\Admin\app\Controllers\Home.php(20): view('Frontend/Layout...', Array)
#10 C:\xampp\htdocs\Admin\system\CodeIgniter.php(914): App\Controllers\Home->index()
#11 C:\xampp\htdocs\Admin\system\CodeIgniter.php(400): CodeIgniter\CodeIgniter->runController(Object(App\Controllers\Home))
#12 C:\xampp\htdocs\Admin\system\CodeIgniter.php(308): CodeIgniter\CodeIgniter->handleRequest(NULL, Object(Config\Cache), false)
#13 C:\xampp\htdocs\Admin\public\index.php(45): CodeIgniter\CodeIgniter->run()
#14 {main}
CRITICAL - 2020-05-10 02:15:17 --> Undefined variable: identitas
#0 C:\xampp\htdocs\Admin\app\Views\Frontend\Layout\Navbar.php(24): CodeIgniter\Debug\Exceptions->errorHandler(8, 'Undefined varia...', 'C:\\xampp\\htdocs...', 24, Array)
#1 C:\xampp\htdocs\Admin\system\View\View.php(246): include('C:\\xampp\\htdocs...')
#2 C:\xampp\htdocs\Admin\system\Common.php(1087): CodeIgniter\View\View->render('Frontend/Layout...', Array, true)
#3 C:\xampp\htdocs\Admin\app\Views\Frontend\Layout\Wrapper.php(3): view('Frontend/Layout...')
#4 C:\xampp\htdocs\Admin\system\View\View.php(246): include('C:\\xampp\\htdocs...')
#5 C:\xampp\htdocs\Admin\system\Common.php(1087): CodeIgniter\View\View->render('Frontend/Layout...', Array, true)
#6 C:\xampp\htdocs\Admin\app\Controllers\Permintaan.php(31): view('Frontend/Layout...', Array)
#7 C:\xampp\htdocs\Admin\system\CodeIgniter.php(914): App\Controllers\Permintaan->Member()
#8 C:\xampp\htdocs\Admin\system\CodeIgniter.php(400): CodeIgniter\CodeIgniter->runController(Object(App\Controllers\Permintaan))
#9 C:\xampp\htdocs\Admin\system\CodeIgniter.php(308): CodeIgniter\CodeIgniter->handleRequest(NULL, Object(Config\Cache), false)
#10 C:\xampp\htdocs\Admin\public\index.php(45): CodeIgniter\CodeIgniter->run()
#11 {main}
CRITICAL - 2020-05-10 02:16:25 --> Undefined variable: identitas
#0 C:\xampp\htdocs\Admin\app\Views\Frontend\Layout\Navbar.php(24): CodeIgniter\Debug\Exceptions->errorHandler(8, 'Undefined varia...', 'C:\\xampp\\htdocs...', 24, Array)
#1 C:\xampp\htdocs\Admin\system\View\View.php(246): include('C:\\xampp\\htdocs...')
#2 C:\xampp\htdocs\Admin\system\Common.php(1087): CodeIgniter\View\View->render('Frontend/Layout...', Array, true)
#3 C:\xampp\htdocs\Admin\app\Views\Frontend\Layout\Wrapper.php(3): view('Frontend/Layout...')
#4 C:\xampp\htdocs\Admin\system\View\View.php(246): include('C:\\xampp\\htdocs...')
#5 C:\xampp\htdocs\Admin\system\Common.php(1087): CodeIgniter\View\View->render('Frontend/Layout...', Array, true)
#6 C:\xampp\htdocs\Admin\app\Controllers\Permintaan.php(31): view('Frontend/Layout...', Array)
#7 C:\xampp\htdocs\Admin\system\CodeIgniter.php(914): App\Controllers\Permintaan->Member()
#8 C:\xampp\htdocs\Admin\system\CodeIgniter.php(400): CodeIgniter\CodeIgniter->runController(Object(App\Controllers\Permintaan))
#9 C:\xampp\htdocs\Admin\system\CodeIgniter.php(308): CodeIgniter\CodeIgniter->handleRequest(NULL, Object(Config\Cache), false)
#10 C:\xampp\htdocs\Admin\public\index.php(45): CodeIgniter\CodeIgniter->run()
#11 {main}
CRITICAL - 2020-05-10 02:16:27 --> Undefined variable: identitas
#0 C:\xampp\htdocs\Admin\app\Views\Frontend\Layout\Navbar.php(24): CodeIgniter\Debug\Exceptions->errorHandler(8, 'Undefined varia...', 'C:\\xampp\\htdocs...', 24, Array)
#1 C:\xampp\htdocs\Admin\system\View\View.php(246): include('C:\\xampp\\htdocs...')
#2 C:\xampp\htdocs\Admin\system\Common.php(1087): CodeIgniter\View\View->render('Frontend/Layout...', Array, true)
#3 C:\xampp\htdocs\Admin\app\Views\Frontend\Layout\Wrapper.php(3): view('Frontend/Layout...')
#4 C:\xampp\htdocs\Admin\system\View\View.php(246): include('C:\\xampp\\htdocs...')
#5 C:\xampp\htdocs\Admin\system\Common.php(1087): CodeIgniter\View\View->render('Frontend/Layout...', Array, true)
#6 C:\xampp\htdocs\Admin\app\Controllers\Permintaan.php(31): view('Frontend/Layout...', Array)
#7 C:\xampp\htdocs\Admin\system\CodeIgniter.php(914): App\Controllers\Permintaan->Member()
#8 C:\xampp\htdocs\Admin\system\CodeIgniter.php(400): CodeIgniter\CodeIgniter->runController(Object(App\Controllers\Permintaan))
#9 C:\xampp\htdocs\Admin\system\CodeIgniter.php(308): CodeIgniter\CodeIgniter->handleRequest(NULL, Object(Config\Cache), false)
#10 C:\xampp\htdocs\Admin\public\index.php(45): CodeIgniter\CodeIgniter->run()
#11 {main}
CRITICAL - 2020-05-10 02:17:53 --> Undefined variable: identitas
#0 C:\xampp\htdocs\Admin\app\Views\Frontend\Layout\Navbar.php(24): CodeIgniter\Debug\Exceptions->errorHandler(8, 'Undefined varia...', 'C:\\xampp\\htdocs...', 24, Array)
#1 C:\xampp\htdocs\Admin\system\View\View.php(246): include('C:\\xampp\\htdocs...')
#2 C:\xampp\htdocs\Admin\system\Common.php(1087): CodeIgniter\View\View->render('Frontend/Layout...', Array, true)
#3 C:\xampp\htdocs\Admin\app\Views\Frontend\Layout\Wrapper.php(3): view('Frontend/Layout...')
#4 C:\xampp\htdocs\Admin\system\View\View.php(246): include('C:\\xampp\\htdocs...')
#5 C:\xampp\htdocs\Admin\system\Common.php(1087): CodeIgniter\View\View->render('Frontend/Layout...', Array, true)
#6 C:\xampp\htdocs\Admin\app\Controllers\Home.php(29): view('Frontend/Layout...', Array)
#7 C:\xampp\htdocs\Admin\system\CodeIgniter.php(914): App\Controllers\Home->Layanan()
#8 C:\xampp\htdocs\Admin\system\CodeIgniter.php(400): CodeIgniter\CodeIgniter->runController(Object(App\Controllers\Home))
#9 C:\xampp\htdocs\Admin\system\CodeIgniter.php(308): CodeIgniter\CodeIgniter->handleRequest(NULL, Object(Config\Cache), false)
#10 C:\xampp\htdocs\Admin\public\index.php(45): CodeIgniter\CodeIgniter->run()
#11 {main}
CRITICAL - 2020-05-10 02:18:26 --> Undefined variable: identitas
#0 C:\xampp\htdocs\Admin\app\Views\Frontend\Layout\Navbar.php(24): CodeIgniter\Debug\Exceptions->errorHandler(8, 'Undefined varia...', 'C:\\xampp\\htdocs...', 24, Array)
#1 C:\xampp\htdocs\Admin\system\View\View.php(246): include('C:\\xampp\\htdocs...')
#2 C:\xampp\htdocs\Admin\system\Common.php(1087): CodeIgniter\View\View->render('Frontend/Layout...', Array, true)
#3 C:\xampp\htdocs\Admin\app\Views\Frontend\Layout\Wrapper.php(3): view('Frontend/Layout...')
#4 C:\xampp\htdocs\Admin\system\View\View.php(246): include('C:\\xampp\\htdocs...')
#5 C:\xampp\htdocs\Admin\system\Common.php(1087): CodeIgniter\View\View->render('Frontend/Layout...', Array, true)
#6 C:\xampp\htdocs\Admin\app\Controllers\Home.php(29): view('Frontend/Layout...', Array)
#7 C:\xampp\htdocs\Admin\system\CodeIgniter.php(914): App\Controllers\Home->Layanan()
#8 C:\xampp\htdocs\Admin\system\CodeIgniter.php(400): CodeIgniter\CodeIgniter->runController(Object(App\Controllers\Home))
#9 C:\xampp\htdocs\Admin\system\CodeIgniter.php(308): CodeIgniter\CodeIgniter->handleRequest(NULL, Object(Config\Cache), false)
#10 C:\xampp\htdocs\Admin\public\index.php(45): CodeIgniter\CodeIgniter->run()
#11 {main}
CRITICAL - 2020-05-10 02:18:35 --> Undefined variable: identitas
#0 C:\xampp\htdocs\Admin\app\Views\Frontend\Layout\Navbar.php(24): CodeIgniter\Debug\Exceptions->errorHandler(8, 'Undefined varia...', 'C:\\xampp\\htdocs...', 24, Array)
#1 C:\xampp\htdocs\Admin\system\View\View.php(246): include('C:\\xampp\\htdocs...')
#2 C:\xampp\htdocs\Admin\system\Common.php(1087): CodeIgniter\View\View->render('Frontend/Layout...', Array, true)
#3 C:\xampp\htdocs\Admin\app\Views\Frontend\Layout\Wrapper.php(3): view('Frontend/Layout...')
#4 C:\xampp\htdocs\Admin\system\View\View.php(246): include('C:\\xampp\\htdocs...')
#5 C:\xampp\htdocs\Admin\system\Common.php(1087): CodeIgniter\View\View->render('Frontend/Layout...', Array, true)
#6 C:\xampp\htdocs\Admin\app\Controllers\Home.php(29): view('Frontend/Layout...', Array)
#7 C:\xampp\htdocs\Admin\system\CodeIgniter.php(914): App\Controllers\Home->Layanan()
#8 C:\xampp\htdocs\Admin\system\CodeIgniter.php(400): CodeIgniter\CodeIgniter->runController(Object(App\Controllers\Home))
#9 C:\xampp\htdocs\Admin\system\CodeIgniter.php(308): CodeIgniter\CodeIgniter->handleRequest(NULL, Object(Config\Cache), false)
#10 C:\xampp\htdocs\Admin\public\index.php(45): CodeIgniter\CodeIgniter->run()
#11 {main}
CRITICAL - 2020-05-10 02:18:44 --> Undefined variable: identitas
#0 C:\xampp\htdocs\Admin\app\Views\Frontend\Layout\Navbar.php(24): CodeIgniter\Debug\Exceptions->errorHandler(8, 'Undefined varia...', 'C:\\xampp\\htdocs...', 24, Array)
#1 C:\xampp\htdocs\Admin\system\View\View.php(246): include('C:\\xampp\\htdocs...')
#2 C:\xampp\htdocs\Admin\system\Common.php(1087): CodeIgniter\View\View->render('Frontend/Layout...', Array, true)
#3 C:\xampp\htdocs\Admin\app\Views\Frontend\Layout\Wrapper.php(3): view('Frontend/Layout...')
#4 C:\xampp\htdocs\Admin\system\View\View.php(246): include('C:\\xampp\\htdocs...')
#5 C:\xampp\htdocs\Admin\system\Common.php(1087): CodeIgniter\View\View->render('Frontend/Layout...', Array, true)
#6 C:\xampp\htdocs\Admin\app\Controllers\Home.php(29): view('Frontend/Layout...', Array)
#7 C:\xampp\htdocs\Admin\system\CodeIgniter.php(914): App\Controllers\Home->Layanan()
#8 C:\xampp\htdocs\Admin\system\CodeIgniter.php(400): CodeIgniter\CodeIgniter->runController(Object(App\Controllers\Home))
#9 C:\xampp\htdocs\Admin\system\CodeIgniter.php(308): CodeIgniter\CodeIgniter->handleRequest(NULL, Object(Config\Cache), false)
#10 C:\xampp\htdocs\Admin\public\index.php(45): CodeIgniter\CodeIgniter->run()
#11 {main}
CRITICAL - 2020-05-10 02:18:53 --> Undefined variable: identitas
#0 C:\xampp\htdocs\Admin\app\Views\Frontend\Layout\Navbar.php(24): CodeIgniter\Debug\Exceptions->errorHandler(8, 'Undefined varia...', 'C:\\xampp\\htdocs...', 24, Array)
#1 C:\xampp\htdocs\Admin\system\View\View.php(246): include('C:\\xampp\\htdocs...')
#2 C:\xampp\htdocs\Admin\system\Common.php(1087): CodeIgniter\View\View->render('Frontend/Layout...', Array, true)
#3 C:\xampp\htdocs\Admin\app\Views\Frontend\Layout\Wrapper.php(3): view('Frontend/Layout...')
#4 C:\xampp\htdocs\Admin\system\View\View.php(246): include('C:\\xampp\\htdocs...')
#5 C:\xampp\htdocs\Admin\system\Common.php(1087): CodeIgniter\View\View->render('Frontend/Layout...', Array, true)
#6 C:\xampp\htdocs\Admin\app\Controllers\Home.php(29): view('Frontend/Layout...', Array)
#7 C:\xampp\htdocs\Admin\system\CodeIgniter.php(914): App\Controllers\Home->Layanan()
#8 C:\xampp\htdocs\Admin\system\CodeIgniter.php(400): CodeIgniter\CodeIgniter->runController(Object(App\Controllers\Home))
#9 C:\xampp\htdocs\Admin\system\CodeIgniter.php(308): CodeIgniter\CodeIgniter->handleRequest(NULL, Object(Config\Cache), false)
#10 C:\xampp\htdocs\Admin\public\index.php(45): CodeIgniter\CodeIgniter->run()
#11 {main}
CRITICAL - 2020-05-10 02:19:22 --> Undefined variable: identitas
#0 C:\xampp\htdocs\Admin\app\Views\Frontend\Layout\Navbar.php(24): CodeIgniter\Debug\Exceptions->errorHandler(8, 'Undefined varia...', 'C:\\xampp\\htdocs...', 24, Array)
#1 C:\xampp\htdocs\Admin\system\View\View.php(246): include('C:\\xampp\\htdocs...')
#2 C:\xampp\htdocs\Admin\system\Common.php(1087): CodeIgniter\View\View->render('Frontend/Layout...', Array, true)
#3 C:\xampp\htdocs\Admin\app\Views\Frontend\Layout\Wrapper.php(3): view('Frontend/Layout...')
#4 C:\xampp\htdocs\Admin\system\View\View.php(246): include('C:\\xampp\\htdocs...')
#5 C:\xampp\htdocs\Admin\system\Common.php(1087): CodeIgniter\View\View->render('Frontend/Layout...', Array, true)
#6 C:\xampp\htdocs\Admin\app\Controllers\Home.php(29): view('Frontend/Layout...', Array)
#7 C:\xampp\htdocs\Admin\system\CodeIgniter.php(914): App\Controllers\Home->Layanan()
#8 C:\xampp\htdocs\Admin\system\CodeIgniter.php(400): CodeIgniter\CodeIgniter->runController(Object(App\Controllers\Home))
#9 C:\xampp\htdocs\Admin\system\CodeIgniter.php(308): CodeIgniter\CodeIgniter->handleRequest(NULL, Object(Config\Cache), false)
#10 C:\xampp\htdocs\Admin\public\index.php(45): CodeIgniter\CodeIgniter->run()
#11 {main}
CRITICAL - 2020-05-10 02:32:40 --> Unknown database 'teknisi-master'
#0 D:\xampp\htdocs\Admin\system\Database\BaseConnection.php(377): CodeIgniter\Database\MySQLi\Connection->connect(false)
#1 D:\xampp\htdocs\Admin\system\Database\BaseConnection.php(643): CodeIgniter\Database\BaseConnection->initialize()
#2 D:\xampp\htdocs\Admin\system\Database\BaseBuilder.php(1845): CodeIgniter\Database\BaseConnection->query('SELECT *\nFROM `...', Array, false)
#3 D:\xampp\htdocs\Admin\app\Models\M_Home.php(19): CodeIgniter\Database\BaseBuilder->get()
#4 D:\xampp\htdocs\Admin\app\Controllers\Home.php(17): App\Models\M_Home->get_banner()
#5 D:\xampp\htdocs\Admin\system\CodeIgniter.php(914): App\Controllers\Home->index()
#6 D:\xampp\htdocs\Admin\system\CodeIgniter.php(400): CodeIgniter\CodeIgniter->runController(Object(App\Controllers\Home))
#7 D:\xampp\htdocs\Admin\system\CodeIgniter.php(308): CodeIgniter\CodeIgniter->handleRequest(NULL, Object(Config\Cache), false)
#8 D:\xampp\htdocs\Admin\public\index.php(45): CodeIgniter\CodeIgniter->run()
#9 D:\xampp\htdocs\Admin\system\Commands\Server\rewrite.php(34): require_once('D:\\xampp\\htdocs...')
#10 {main}
CRITICAL - 2020-05-10 02:32:40 --> Uncaught ErrorException: print_r(): Property access is not allowed yet in D:\xampp\htdocs\Admin\app\Views\errors\html\error_exception.php:100
Stack trace:
#0 [internal function]: CodeIgniter\Debug\Exceptions->errorHandler(2, 'print_r(): Prop...', 'D:\\xampp\\htdocs...', 100, Array)
#1 D:\xampp\htdocs\Admin\app\Views\errors\html\error_exception.php(100): print_r(Object(App\Controllers\Home), true)
#2 D:\xampp\htdocs\Admin\system\Debug\Exceptions.php(299): include('D:\\xampp\\htdocs...')
#3 D:\xampp\htdocs\Admin\system\Debug\Exceptions.php(172): CodeIgniter\Debug\Exceptions->render(Object(mysqli_sql_exception), 500)
#4 [internal function]: CodeIgniter\Debug\Exceptions->exceptionHandler(Object(mysqli_sql_exception))
#5 {main}
  thrown
#0 [internal function]: CodeIgniter\Debug\Exceptions->shutdownHandler()
#1 {main}
CRITICAL - 2020-05-10 03:45:50 --> Invalid file: {0}
#0 D:\xampp\htdocs\Admin\system\View\View.php(228): CodeIgniter\Exceptions\FrameworkException::forInvalidFile('Admin/Profile/V...')
#1 D:\xampp\htdocs\Admin\system\Common.php(1087): CodeIgniter\View\View->render('Admin/Profile/V...', Array, true)
#2 D:\xampp\htdocs\Admin\app\Views\Admin\Layout\Content.php(3): view('Admin/Profile/V...')
#3 D:\xampp\htdocs\Admin\system\View\View.php(246): include('D:\\xampp\\htdocs...')
#4 D:\xampp\htdocs\Admin\system\Common.php(1087): CodeIgniter\View\View->render('Admin/Layout/Co...', Array, true)
#5 D:\xampp\htdocs\Admin\app\Views\Admin\Layout\Wrapper.php(5): view('Admin/Layout/Co...')
#6 D:\xampp\htdocs\Admin\system\View\View.php(246): include('D:\\xampp\\htdocs...')
#7 D:\xampp\htdocs\Admin\system\Common.php(1087): CodeIgniter\View\View->render('Admin/Layout/Wr...', Array, true)
#8 D:\xampp\htdocs\Admin\app\Controllers\Profile.php(16): view('Admin/Layout/Wr...', Array)
#9 D:\xampp\htdocs\Admin\system\CodeIgniter.php(914): App\Controllers\Profile->index()
#10 D:\xampp\htdocs\Admin\system\CodeIgniter.php(400): CodeIgniter\CodeIgniter->runController(Object(App\Controllers\Profile))
#11 D:\xampp\htdocs\Admin\system\CodeIgniter.php(308): CodeIgniter\CodeIgniter->handleRequest(NULL, Object(Config\Cache), false)
#12 D:\xampp\htdocs\Admin\public\index.php(45): CodeIgniter\CodeIgniter->run()
#13 {main}
CRITICAL - 2020-05-10 03:46:31 --> Undefined variable: judul
#0 D:\xampp\htdocs\Admin\app\Views\Frontend\Layout\Head.php(4): CodeIgniter\Debug\Exceptions->errorHandler(8, 'Undefined varia...', 'D:\\xampp\\htdocs...', 4, Array)
#1 D:\xampp\htdocs\Admin\system\View\View.php(246): include('D:\\xampp\\htdocs...')
#2 D:\xampp\htdocs\Admin\system\Common.php(1087): CodeIgniter\View\View->render('Frontend/Layout...', Array, true)
#3 D:\xampp\htdocs\Admin\app\Views\Frontend\Layout\Wrapper.php(2): view('Frontend/Layout...')
#4 D:\xampp\htdocs\Admin\system\View\View.php(246): include('D:\\xampp\\htdocs...')
#5 D:\xampp\htdocs\Admin\system\Common.php(1087): CodeIgniter\View\View->render('Frontend/Layout...', Array, true)
#6 D:\xampp\htdocs\Admin\app\Controllers\Profile.php(16): view('Frontend/Layout...', Array)
#7 D:\xampp\htdocs\Admin\system\CodeIgniter.php(914): App\Controllers\Profile->index()
#8 D:\xampp\htdocs\Admin\system\CodeIgniter.php(400): CodeIgniter\CodeIgniter->runController(Object(App\Controllers\Profile))
#9 D:\xampp\htdocs\Admin\system\CodeIgniter.php(308): CodeIgniter\CodeIgniter->handleRequest(NULL, Object(Config\Cache), false)
#10 D:\xampp\htdocs\Admin\public\index.php(45): CodeIgniter\CodeIgniter->run()
#11 {main}
